2019-06-11 12:42:06|   0.3|  0.3|INFORM|FME 2018.1.1.2 (20190121 - Build 18586 - WIN64)
2019-06-11 12:42:06|   0.3|  0.0|INFORM|FME_HOME is 'C:\Program Files\FME\'
2019-06-11 12:42:06|   0.3|  0.0|INFORM|FME Desktop Oracle Edition (floating)
2019-06-11 12:42:06|   0.3|  0.0|INFORM|Permanent License.
2019-06-11 12:42:06|   0.3|  0.0|INFORM|Machine host name is: SVV-58758
2019-06-11 12:42:06|   0.3|  0.0|INFORM|START - ProcessID: 14248, peak process memory usage: 32316 kB, current process memory usage: 32316 kB
2019-06-11 12:42:06|   0.3|  0.0|INFORM|FME Configuration: Command line arguments are `C:\Program Files\FME\fme.exe' `C:/DATA/GitHub/jetgeo/GLA/FMW\wb-xlate-1560249724373_10496' `LOG_STANDARDOUT' `YES' `LogCountServerName' `{32a304ed-6294-40ec-90ad-49bb7d4e7163}' `DEBUG_PORT' `62089'
2019-06-11 12:42:06|   0.3|  0.0|INFORM|FME Configuration: Connection Storage: 'C:\Users\knjetl\AppData\Roaming\Safe Software\FME\'
2019-06-11 12:42:06|   0.3|  0.1|INFORM|Shared folders for formats are : C:\Program Files\FME\datasources;C:\Users\knjetl\Documents\FME\Formats
2019-06-11 12:42:06|   0.3|  0.0|INFORM|Shared folders for transformers are : C:\Users\knjetl\AppData\Roaming\Safe Software\FME\Packages\18586-win64\transformers;C:\Program Files\FME\transformers;C:\Users\knjetl\Documents\FME\Transformers
2019-06-11 12:42:06|   0.3|  0.0|INFORM|Shared folders for coordinate systems are : C:\Users\knjetl\Documents\FME\CoordinateSystems
2019-06-11 12:42:06|   0.3|  0.0|INFORM|Shared folders for coordinate system exceptions are : C:\Users\knjetl\Documents\FME\CoordinateSystemExceptions
2019-06-11 12:42:06|   0.3|  0.0|INFORM|Shared folders for coordinate system grid overrides are : C:\Users\knjetl\Documents\FME\CoordinateSystemGridOverrides
2019-06-11 12:42:06|   0.3|  0.0|INFORM|Shared folders for CS-MAP transformation exceptions are : C:\Users\knjetl\Documents\FME\CsmapTransformationExceptions
2019-06-11 12:42:06|   0.3|  0.0|INFORM|Shared folders for transformer categories are : C:\Users\knjetl\Documents\FME\TransformerCategories
2019-06-11 12:42:06|   0.3|  0.0|INFORM|FME Configuration: Reader Keyword is `MULTI_READER'
2019-06-11 12:42:06|   0.3|  0.0|INFORM|FME Configuration: Writer Keyword is `MULTI_WRITER'
2019-06-11 12:42:06|   0.3|  0.0|INFORM|FME Configuration: Writer Group Definition Keyword is `MULTI_WRITER_DEF'
2019-06-11 12:42:06|   0.3|  0.0|INFORM|FME Configuration: Reader type is `MULTI_READER'
2019-06-11 12:42:06|   0.3|  0.0|INFORM|FME Configuration: Writer type is `MULTI_WRITER'
2019-06-11 12:42:06|   0.3|  0.0|INFORM|FME Configuration: No destination coordinate system set
2019-06-11 12:42:06|   0.3|  0.0|INFORM|FME Configuration: Current working folder is `C:\DATA\GitHub\jetgeo\GLA\FMW'
2019-06-11 12:42:06|   0.3|  0.0|INFORM|FME Configuration: Temporary folder is `C:\Users\knjetl\AppData\Local\Temp', set from environment variable `TEMP'
2019-06-11 12:42:06|   0.3|  0.0|INFORM|FME Configuration: FME_HOME is `C:\Program Files\FME\'
2019-06-11 12:42:06|   0.3|  0.0|INFORM|FME Configuration: FME_BASE is 'no'
2019-06-11 12:42:06|   0.3|  0.0|INFORM|FME Configuration: FME_MF_DIR is 'C:\DATA\GitHub\jetgeo\GLA\FMW/'
2019-06-11 12:42:06|   0.3|  0.0|INFORM|FME Configuration: FME_MF_NAME is '20180713_GML2API_Lillehammer.fmw'
2019-06-11 12:42:06|   0.3|  0.0|INFORM|FME Configuration: FME_PRODUCT_NAME is 'FME(R) 2018.1.1.2'
2019-06-11 12:42:06|   0.3|  0.0|INFORM|System Status: 336.99 GB of disk space available in the FME temporary folder (C:\Users\knjetl\AppData\Local\Temp)
2019-06-11 12:42:06|   0.3|  0.0|INFORM|System Status: 128.00 TB of virtual memory available
2019-06-11 12:42:06|   0.3|  0.0|INFORM|Operating System: Microsoft Windows 10 64-bit  (Build 16299)
2019-06-11 12:42:06|   0.3|  0.0|INFORM|FME Platform: WIN64
2019-06-11 12:42:06|   0.3|  0.0|INFORM|Locale: nb_NO
2019-06-11 12:42:06|   0.3|  0.0|INFORM|Code Page: 1252  (ANSI - latinsk I)
2019-06-11 12:42:06|   0.3|  0.0|INFORM|FME Configuration: Process limit is 31.83 GB of physical memory
2019-06-11 12:42:06|   0.3|  0.0|INFORM|FME Configuration: Start freeing memory when process usage exceeds 95.50 GB of virtual memory
2019-06-11 12:42:06|   0.3|  0.0|INFORM|FME Configuration: Stop freeing memory when process usage is below 71.63 GB of virtual memory
2019-06-11 12:42:06|   0.4|  0.0|INFORM|Creating writer for format: 
2019-06-11 12:42:06|   0.4|  0.0|INFORM|Creating reader for format: 
2019-06-11 12:42:06|   0.4|  0.0|INFORM|MULTI_READER(MULTI_READER): Will fail with first member reader failure
2019-06-11 12:42:06|   0.4|  0.0|INFORM|MULTI_READER(MULTI_READER): Adding GML Reader with keyword GML_1
2019-06-11 12:42:06|   0.4|  0.0|INFORM|Using Multi Reader with keyword `MULTI_READER' to read multiple datasets
2019-06-11 12:42:06|   0.5|  0.1|INFORM|Creating reader for format: GML (Geography Markup Language)
2019-06-11 12:42:06|   0.5|  0.0|INFORM|Trying to find a DYNAMIC plugin for reader named `GML'
2019-06-11 12:42:06|   0.5|  0.0|INFORM|Loaded module 'GML' from file 'C:\Program Files\FME\plugins/GML.dll'
2019-06-11 12:42:06|   0.5|  0.0|INFORM|FME API version of module 'GML' matches current internal version (3.8 20180604)
2019-06-11 12:42:06|   0.5|  0.0|INFORM|<GML_1 Reader> - Opening the GML_1 Reader reader with source dataset 'C:\DATA\GitHub\jetgeo\GLA\Data\501\Belysningstrekning_Kabel_Lillehammer.gml'
2019-06-11 12:42:06|   0.5|  0.0|INFORM|The uri-map document 'C:\Program Files\FME\xml\urimap\gml_aixm.xml' is being used to map from URI to URI
2019-06-11 12:42:06|   0.5|  0.0|INFORM|The uri-map document 'C:\Program Files\FME\xml\urimap\gml_citygml.xml' is being used to map from URI to URI
2019-06-11 12:42:06|   0.5|  0.0|INFORM|The uri-map document 'C:\Program Files\FME\xml\urimap\gml_inspire.xml' is being used to map from URI to URI
2019-06-11 12:42:06|   0.5|  0.0|INFORM|The uri-map document 'C:\Program Files\FME\xml\urimap\gml_sosi.xml' is being used to map from URI to URI
2019-06-11 12:42:06|   0.5|  0.0|INFORM|The uri-map document 'C:\Program Files\FME\xml\urimap\gml_urimap.xml' is being used to map from URI to URI
2019-06-11 12:42:06|   0.5|  0.0|INFORM|Using MultiWriter with keyword `MULTI_WRITER' to output data (ID_ATTRIBUTE is `multi_writer_id')
2019-06-11 12:42:06|   0.5|  0.0|INFORM|Writer output will be ordered by value of multi_writer_id
2019-06-11 12:42:06|   0.5|  0.0|INFORM|Loaded module 'LogCount_func' from file 'C:\Program Files\FME\plugins/LogCount_func.dll'
2019-06-11 12:42:06|   0.5|  0.0|INFORM|FME API version of module 'LogCount_func' matches current internal version (3.8 20180604)
2019-06-11 12:42:06|   0.5|  0.0|INFORM|Loaded module 'BreakpointFactory' from file 'C:\Program Files\FME\plugins/BreakpointFactory.dll'
2019-06-11 12:42:06|   0.5|  0.0|INFORM|FME API version of module 'BreakpointFactory' matches current internal version (3.8 20180604)
2019-06-11 12:42:06|   0.5|  0.0|INFORM|Feature Inspection module initialized. Workbench@62089 and FME@62123
2019-06-11 12:42:06|   0.5|  0.0|INFORM|FME API version of module 'BreakpointFactory' matches current internal version (3.8 20180604)
2019-06-11 12:42:06|   0.5|  0.0|INFORM|... Last line repeated 4 times ...
2019-06-11 12:42:06|   0.5|  0.0|INFORM|FME Configuration: Using FME Reprojection Engine
2019-06-11 12:42:06|   0.5|  0.0|INFORM|FME API version of module 'BreakpointFactory' matches current internal version (3.8 20180604)
2019-06-11 12:42:06|   0.5|  0.0|INFORM|... Last line repeated 3 times ...
2019-06-11 12:42:06|   0.5|  0.0|INFORM|Loaded module 'InspectorFactory' from file 'C:\Program Files\FME\plugins/InspectorFactory.dll'
2019-06-11 12:42:06|   0.5|  0.0|INFORM|FME API version of module 'InspectorFactory' matches current internal version (3.8 20180604)
2019-06-11 12:42:06|   0.5|  0.0|INFORM|FME API version of module 'BreakpointFactory' matches current internal version (3.8 20180604)
2019-06-11 12:42:06|   0.6|  0.0|INFORM|... Last line repeated 10 times ...
2019-06-11 12:42:06|   0.6|  0.0|INFORM|Loaded module 'HTTPFactory' from file 'C:\Program Files\FME\plugins/HTTPFactory.dll'
2019-06-11 12:42:06|   0.6|  0.0|INFORM|FME API version of module 'HTTPFactory' matches current internal version (3.8 20180604)
2019-06-11 12:42:06|   0.6|  0.0|INFORM|FME API version of module 'BreakpointFactory' matches current internal version (3.8 20180604)
2019-06-11 12:42:06|   0.6|  0.0|INFORM|FME API version of module 'BreakpointFactory' matches current internal version (3.8 20180604)
2019-06-11 12:42:06|   0.6|  0.0|INFORM|Loaded module 'XFMapFactory' from file 'C:\Program Files\FME\plugins/XFMapFactory.dll'
2019-06-11 12:42:06|   0.6|  0.0|INFORM|FME API version of module 'XFMapFactory' matches current internal version (3.8 20180604)
2019-06-11 12:42:06|   0.6|  0.0|INFORM|FME API version of module 'BreakpointFactory' matches current internal version (3.8 20180604)
2019-06-11 12:42:06|   0.6|  0.0|INFORM|... Last line repeated 3 times ...
2019-06-11 12:42:06|   0.6|  0.0|INFORM|FME API version of module 'HTTPFactory' matches current internal version (3.8 20180604)
2019-06-11 12:42:06|   0.6|  0.0|INFORM|FME API version of module 'BreakpointFactory' matches current internal version (3.8 20180604)
2019-06-11 12:42:06|   0.6|  0.0|INFORM|FME API version of module 'BreakpointFactory' matches current internal version (3.8 20180604)
2019-06-11 12:42:06|   0.6|  0.0|INFORM|FME API version of module 'XFMapFactory' matches current internal version (3.8 20180604)
2019-06-11 12:42:06|   0.6|  0.0|INFORM|FME API version of module 'BreakpointFactory' matches current internal version (3.8 20180604)
2019-06-11 12:42:06|   0.6|  0.0|INFORM|... Last line repeated 2 times ...
2019-06-11 12:42:06|   0.6|  0.0|INFORM|FME API version of module 'XFMapFactory' matches current internal version (3.8 20180604)
2019-06-11 12:42:06|   0.6|  0.0|INFORM|FME API version of module 'BreakpointFactory' matches current internal version (3.8 20180604)
2019-06-11 12:42:06|   0.6|  0.0|INFORM|FME API version of module 'BreakpointFactory' matches current internal version (3.8 20180604)
2019-06-11 12:42:06|   0.6|  0.0|INFORM|FME API version of module 'XFMapFactory' matches current internal version (3.8 20180604)
2019-06-11 12:42:06|   0.6|  0.0|INFORM|FME API version of module 'BreakpointFactory' matches current internal version (3.8 20180604)
2019-06-11 12:42:06|   0.6|  0.0|INFORM|... Last line repeated 13 times ...
2019-06-11 12:42:06|   0.6|  0.0|INFORM|Loaded module 'DuplicateRemoverFactory' from file 'C:\Program Files\FME\plugins/DuplicateRemoverFactory.dll'
2019-06-11 12:42:06|   0.6|  0.0|INFORM|FME API version of module 'DuplicateRemoverFactory' matches current internal version (3.8 20180604)
2019-06-11 12:42:06|   0.6|  0.0|INFORM|FME API version of module 'BreakpointFactory' matches current internal version (3.8 20180604)
2019-06-11 12:42:06|   0.6|  0.0|INFORM|... Last line repeated 2 times ...
2019-06-11 12:42:06|   0.6|  0.0|INFORM|Loaded module 'QueryFactory' from file 'C:\Program Files\FME\plugins/QueryFactory.dll'
2019-06-11 12:42:06|   0.6|  0.0|INFORM|FME API version of module 'QueryFactory' matches current internal version (3.8 20180604)
2019-06-11 12:42:06|   0.6|  0.0|INFORM|FME API version of module 'BreakpointFactory' matches current internal version (3.8 20180604)
2019-06-11 12:42:06|   0.6|  0.0|INFORM|FME API version of module 'BreakpointFactory' matches current internal version (3.8 20180604)
2019-06-11 12:42:06|   0.6|  0.0|INFORM|FME API version of module 'InspectorFactory' matches current internal version (3.8 20180604)
2019-06-11 12:42:06|   0.6|  0.0|INFORM|FME API version of module 'BreakpointFactory' matches current internal version (3.8 20180604)
2019-06-11 12:42:06|   0.6|  0.0|INFORM|... Last line repeated 5 times ...
2019-06-11 12:42:06|   0.6|  0.0|INFORM|FME API version of module 'InspectorFactory' matches current internal version (3.8 20180604)
2019-06-11 12:42:06|   0.6|  0.0|INFORM|FME API version of module 'BreakpointFactory' matches current internal version (3.8 20180604)
2019-06-11 12:42:06|   0.6|  0.0|INFORM|... Last line repeated 12 times ...
2019-06-11 12:42:06|   0.6|  0.0|INFORM|Loaded module 'Geometry_func' from file 'C:\Program Files\FME\plugins/Geometry_func.dll'
2019-06-11 12:42:06|   0.6|  0.0|INFORM|FME API version of module 'Geometry_func' matches current internal version (3.8 20180604)
2019-06-11 12:42:06|   0.6|  0.0|INFORM|FME API version of module 'BreakpointFactory' matches current internal version (3.8 20180604)
2019-06-11 12:42:06|   0.6|  0.0|INFORM|... Last line repeated 4 times ...
2019-06-11 12:42:06|   0.6|  0.0|INFORM|Loaded module 'PythonFactory' from file 'C:\Program Files\FME\plugins/PythonFactory.dll'
2019-06-11 12:42:06|   0.6|  0.0|INFORM|FME API version of module 'PythonFactory' matches current internal version (3.8 20180604)
2019-06-11 12:42:06|   0.6|  0.0|INFORM|Using Python interpreter from `C:\Program Files\FME\fmepython27\python27.dll' with PYTHONHOME `C:\Program Files\FME\fmepython27'
2019-06-11 12:42:06|   0.6|  0.0|INFORM|Python version 2.7 loaded successfully
2019-06-11 12:42:06|   0.6|  0.0|WARN  |In a future release, FME will have reduced support for Python 2.7.  Please review http://fme.ly/py27 for further information
2019-06-11 12:42:06|   0.7|  0.1|INFORM|Adding folder `C:\DATA\GitHub\jetgeo\GLA\FMW\' to the python path
2019-06-11 12:42:06|   0.7|  0.0|INFORM|FME API version of module 'BreakpointFactory' matches current internal version (3.8 20180604)
2019-06-11 12:42:06|   0.7|  0.0|INFORM|... Last line repeated 9 times ...
2019-06-11 12:42:06|   0.7|  0.0|INFORM|Loaded module 'XMLTemplaterFactory' from file 'C:\Program Files\FME\plugins/XMLTemplaterFactory.dll'
2019-06-11 12:42:06|   0.7|  0.0|INFORM|FME API version of module 'XMLTemplaterFactory' matches current internal version (3.8 20180604)
2019-06-11 12:42:06|   0.8|  0.0|INFORM|FME API version of module 'BreakpointFactory' matches current internal version (3.8 20180604)
2019-06-11 12:42:06|   0.8|  0.0|INFORM|... Last line repeated 4 times ...
2019-06-11 12:42:06|   0.8|  0.0|INFORM|FME API version of module 'XMLTemplaterFactory' matches current internal version (3.8 20180604)
2019-06-11 12:42:06|   0.8|  0.0|INFORM|FME API version of module 'BreakpointFactory' matches current internal version (3.8 20180604)
2019-06-11 12:42:06|   0.8|  0.0|INFORM|Loaded module 'AttributeFilterFactory' from file 'C:\Program Files\FME\plugins/AttributeFilterFactory.dll'
2019-06-11 12:42:06|   0.8|  0.0|INFORM|FME API version of module 'AttributeFilterFactory' matches current internal version (3.8 20180604)
2019-06-11 12:42:06|   0.8|  0.0|INFORM|FME API version of module 'BreakpointFactory' matches current internal version (3.8 20180604)
2019-06-11 12:42:06|   0.8|  0.0|INFORM|... Last line repeated 14 times ...
2019-06-11 12:42:06|   0.8|  0.0|INFORM|Loaded module 'SpatialRelationshipFactory' from file 'C:\Program Files\FME\plugins/SpatialRelationshipFactory.dll'
2019-06-11 12:42:06|   0.8|  0.0|INFORM|FME API version of module 'SpatialRelationshipFactory' matches current internal version (3.8 20180604)
2019-06-11 12:42:06|   0.8|  0.0|INFORM|FME API version of module 'BreakpointFactory' matches current internal version (3.8 20180604)
2019-06-11 12:42:06|   0.8|  0.0|INFORM|FME API version of module 'XMLTemplaterFactory' matches current internal version (3.8 20180604)
2019-06-11 12:42:06|   0.8|  0.0|INFORM|FME API version of module 'BreakpointFactory' matches current internal version (3.8 20180604)
2019-06-11 12:42:06|   0.8|  0.0|INFORM|FME API version of module 'SpatialRelationshipFactory' matches current internal version (3.8 20180604)
2019-06-11 12:42:06|   0.8|  0.0|INFORM|FME API version of module 'BreakpointFactory' matches current internal version (3.8 20180604)
2019-06-11 12:42:06|   0.8|  0.0|INFORM|FME API version of module 'XMLTemplaterFactory' matches current internal version (3.8 20180604)
2019-06-11 12:42:06|   0.8|  0.0|INFORM|FME API version of module 'BreakpointFactory' matches current internal version (3.8 20180604)
2019-06-11 12:42:06|   0.8|  0.0|INFORM|FME API version of module 'SpatialRelationshipFactory' matches current internal version (3.8 20180604)
2019-06-11 12:42:06|   0.8|  0.0|INFORM|FME API version of module 'BreakpointFactory' matches current internal version (3.8 20180604)
2019-06-11 12:42:06|   0.8|  0.0|INFORM|FME API version of module 'XMLTemplaterFactory' matches current internal version (3.8 20180604)
2019-06-11 12:42:06|   0.8|  0.0|INFORM|FME API version of module 'BreakpointFactory' matches current internal version (3.8 20180604)
2019-06-11 12:42:06|   0.8|  0.0|INFORM|FME API version of module 'BreakpointFactory' matches current internal version (3.8 20180604)
2019-06-11 12:42:06|   0.8|  0.0|INFORM|FME API version of module 'SpatialRelationshipFactory' matches current internal version (3.8 20180604)
2019-06-11 12:42:06|   0.8|  0.0|INFORM|FME API version of module 'BreakpointFactory' matches current internal version (3.8 20180604)
2019-06-11 12:42:06|   0.8|  0.0|INFORM|FME API version of module 'XMLTemplaterFactory' matches current internal version (3.8 20180604)
2019-06-11 12:42:06|   0.8|  0.0|INFORM|FME API version of module 'BreakpointFactory' matches current internal version (3.8 20180604)
2019-06-11 12:42:06|   0.8|  0.0|INFORM|... Last line repeated 7 times ...
2019-06-11 12:42:06|   0.8|  0.0|INFORM|FME API version of module 'XMLTemplaterFactory' matches current internal version (3.8 20180604)
2019-06-11 12:42:06|   0.9|  0.0|INFORM|FME API version of module 'BreakpointFactory' matches current internal version (3.8 20180604)
2019-06-11 12:42:06|   0.9|  0.0|INFORM|... Last line repeated 5 times ...
2019-06-11 12:42:06|   0.9|  0.0|INFORM|FME API version of module 'XMLTemplaterFactory' matches current internal version (3.8 20180604)
2019-06-11 12:42:06|   0.9|  0.0|INFORM|FME API version of module 'BreakpointFactory' matches current internal version (3.8 20180604)
2019-06-11 12:42:06|   0.9|  0.0|INFORM|... Last line repeated 5 times ...
2019-06-11 12:42:06|   0.9|  0.0|INFORM|FME API version of module 'XMLTemplaterFactory' matches current internal version (3.8 20180604)
2019-06-11 12:42:06|   0.9|  0.0|INFORM|FME API version of module 'BreakpointFactory' matches current internal version (3.8 20180604)
2019-06-11 12:42:06|   0.9|  0.0|INFORM|... Last line repeated 2 times ...
2019-06-11 12:42:06|   0.9|  0.0|INFORM|Loaded module 'XMLFormatterFactory' from file 'C:\Program Files\FME\plugins/XMLFormatterFactory.dll'
2019-06-11 12:42:06|   0.9|  0.0|INFORM|FME API version of module 'XMLFormatterFactory' matches current internal version (3.8 20180604)
2019-06-11 12:42:06|   0.9|  0.0|INFORM|FME API version of module 'BreakpointFactory' matches current internal version (3.8 20180604)
2019-06-11 12:42:06|   0.9|  0.0|INFORM|... Last line repeated 3 times ...
2019-06-11 12:42:06|   0.9|  0.0|INFORM|URI 'file:///C:/Program Files/FME/xml/gml_v3.2/no_schema_dummy_gml.xsd' mapped to 'file:///C:/Program Files/FME/xml/gml_v3.2/no_schema_dummy_gml.xsd'
2019-06-11 12:42:06|   0.9|  0.0|INFORM|Parsing schema document 'file:///C:/Program Files/FME/xml/gml_v3.2/no_schema_dummy_gml.xsd' ...
2019-06-11 12:42:06|   0.9|  0.0|INFORM|Using XSD semantics configuration file 'C:\Program Files\FME\xml\gml_v3.2\no_schema_gml_config.xml'.
2019-06-11 12:42:06|   0.9|  0.0|INFORM|XSD semantics configuration file: 'file:///C:/Program Files/FME/xml/gml_v3.2/no_schema_gml_config.xml' including 'gml_config.xml'
2019-06-11 12:42:07|   0.9|  0.0|INFORM|Pre-processing xfMap 'C:\Users\knjetl\AppData\Local\Temp\XFMAP_AUTOGEN1560249726996_14248.xml' with macro stylesheet 'C:\Program Files\FME\xfmap\xfmap_macro.xslt' into 'C:\Users\knjetl\AppData\Local\Temp\GML_XFMAP_CACHE\CACHED_AUTOGEN_15602497274_14248.xfmap'
2019-06-11 12:42:07|   1.0|  0.1|INFORM|The XML Reader is using xfMap 'C:\Users\knjetl\AppData\Local\Temp\GML_XFMAP_CACHE\CACHED_AUTOGEN_15602497274_14248.xfmap'
2019-06-11 12:42:07|   1.2|  0.2|INFORM|FME Configuration: Source coordinate system for reader GML_1[GML] set to `EPSG:25832' as read from input data
2019-06-11 12:42:07|   1.2|  0.0|INFORM|Coordinate System `EPSG:25832' parameters: CS_NAME=`ETRS89.UTM-32N' DESC_NM=`Transverse Mercator (ETRS89-TM32)' DT_NAME=`ETRS89/01' GROUP=`UTMN' MAP_SCL=`1' MAX_LAT=`66.45' MAX_LNG=`12.866666666666667' MIN_LAT=`57.11666666666667' MIN_LNG=`4.183333333333334' PARM1=`9' PROJ=`TM' QUAD=`1' SCL_RED=`0.9996' SOURCE=`EPSG, V6.3, 25832 [Large and medium scale topographic mappi]' UNIT=`Meter' X_OFF=`500000' Y_OFF=`0.0' ZERO_X=`0.0001' ZERO_Y=`0.0001' 
2019-06-11 12:42:07|   1.2|  0.0|STATS |Storing feature(s) to FME feature store file `C:\Users\knjetl\AppData\Local\Temp\20180713_GML2API_Lillehammer_124205\inspector.ffs'
2019-06-11 12:42:07|   1.3|  0.1|INFORM|Creating reader for format: CSV (Comma Separated Value) (replaced by CSV2)
2019-06-11 12:42:07|   1.3|  0.0|INFORM|Trying to find a DYNAMIC plugin for reader named `CSV'
2019-06-11 12:42:07|   1.3|  0.0|INFORM|Loaded module 'CSV' from file 'C:\Program Files\FME\plugins/CSV.dll'
2019-06-11 12:42:07|   1.3|  0.0|INFORM|FME API version of module 'CSV' matches current internal version (3.8 20180604)
2019-06-11 12:42:07|   1.3|  0.0|ERROR |CSV Reader: Failed to read the specified file(s) in the folder 'C:\DATA\GitHub\GLA\XSD\glabelysning_ftMapping.csv'
2019-06-11 12:42:07|   1.3|  0.0|ERROR |A fatal error has occurred. Check the logfile above for details
2019-06-11 12:42:07|   1.3|  0.0|ERROR |SchemaMapper_Mapper(SchemaMappingFactory): Could not read feature: A fatal error has occurred. Check the logfile above for details
2019-06-11 12:42:07|   1.3|  0.0|ERROR |Could not read feature: A fatal error has occurred. Check the logfile above for details
2019-06-11 12:42:07|   1.3|  0.0|ERROR |
2019-06-11 12:42:07|   1.3|  0.0|ERROR |A fatal error has occurred. Check the logfile above for details
2019-06-11 12:42:07|   1.3|  0.0|ERROR |
2019-06-11 12:42:07|   1.3|  0.0|ERROR |A fatal error has occurred. Check the logfile above for details
2019-06-11 12:42:07|   1.3|  0.0|ERROR |
2019-06-11 12:42:07|   1.3|  0.0|ERROR |A fatal error has occurred. Check the logfile above for details
2019-06-11 12:42:07|   1.3|  0.0|ERROR |
2019-06-11 12:42:07|   1.3|  0.0|ERROR |A fatal error has occurred. Check the logfile above for details
2019-06-11 12:42:07|   1.3|  0.0|ERROR |
2019-06-11 12:42:07|   1.3|  0.0|STATS |Stored 1 feature(s) to FME feature store file `C:\Users\knjetl\AppData\Local\Temp\20180713_GML2API_Lillehammer_124205\inspector.ffs'
2019-06-11 12:42:07|   1.3|  0.0|INFORM|Saving spatial index into file 'C:\Users\knjetl\AppData\Local\Temp\20180713_GML2API_Lillehammer_124205\inspector.fsi'
2019-06-11 12:42:07|   1.3|  0.0|INFORM|Finished saving spatial index into file 'C:\Users\knjetl\AppData\Local\Temp\20180713_GML2API_Lillehammer_124205\inspector.fsi'
2019-06-11 12:42:07|   1.3|  0.0|ERROR |A fatal error has occurred. Check the logfile above for details
2019-06-11 12:42:07|   1.3|  0.0|INFORM|Translation FAILED with 14 error(s) and 1 warning(s) (0 feature(s) output)
2019-06-11 12:42:07|   1.3|  0.0|INFORM|FME Session Duration: 1.6 seconds. (CPU: 0.7s user, 0.3s system)
2019-06-11 12:42:07|   1.3|  0.0|INFORM|END - ProcessID: 14248, peak process memory usage: 147848 kB, current process memory usage: 133888 kB
