2016-11-23 10:38:02|   0.0|  0.0|INFORM|FME 2016.1.0.0 Beta (20160329 - Build 16481 - WIN64)
2016-11-23 10:38:02|   0.0|  0.0|INFORM|FME_HOME is 'C:\Program Files\FME2016.1\64\'
2016-11-23 10:38:02|   0.0|  0.0|INFORM|FME ESRI Edition (node locked-crc)
2016-11-23 10:38:02|   0.0|  0.0|INFORM|Serial Number: S0601A0917
2016-11-23 10:38:02|   0.0|  0.0|INFORM|Permanent License.
2016-11-23 10:38:02|   0.0|  0.0|INFORM|Machine host name is: SVV-55247
2016-11-23 10:38:02|   0.0|  0.0|INFORM|START - ProcessID: 11512, peak process memory usage: 32956 kB, current process memory usage: 32956 kB
2016-11-23 10:38:02|   0.0|  0.0|INFORM|FME Configuration: Command line arguments are `C:\Program Files\FME2016.1\64\fme.exe' `C:/DATA/GLA/FMW\wb-xlate-1479893880565_2592' `LOG_STANDARDOUT' `YES' `LogCountServerName' `{51678e89-a30d-40f4-9cef-d2f27480a599}' `DEBUG_PORT' `51253'
2016-11-23 10:38:03|   0.1|  0.0|INFORM|Shared folders for formats are : C:\Program Files\FME2016.1\64\datasources;C:\Users\knjetl\AppData\Roaming\Safe Software\FME\FME Store\Formats;\\SVV1P04AUSER01\KNJETL$\documents\FME\Formats
2016-11-23 10:38:03|   0.1|  0.0|INFORM|Shared folders for transformers are : C:\Program Files\FME2016.1\64\transformers;C:\Users\knjetl\AppData\Roaming\Safe Software\FME\FME Store\Transformers;\\SVV1P04AUSER01\KNJETL$\documents\FME\Transformers
2016-11-23 10:38:03|   0.1|  0.0|INFORM|Shared folders for coordinate systems are : \\SVV1P04AUSER01\KNJETL$\documents\FME\CoordinateSystems
2016-11-23 10:38:03|   0.1|  0.0|INFORM|Shared folders for coordinate system exceptions are : \\SVV1P04AUSER01\KNJETL$\documents\FME\CoordinateSystemExceptions
2016-11-23 10:38:03|   0.1|  0.0|INFORM|Shared folders for coordinate system grid overrides are : \\SVV1P04AUSER01\KNJETL$\documents\FME\CoordinateSystemGridOverrides
2016-11-23 10:38:03|   0.1|  0.0|INFORM|Shared folders for CS-MAP transformation exceptions are : \\SVV1P04AUSER01\KNJETL$\documents\FME\CsmapTransformationExceptions
2016-11-23 10:38:03|   0.1|  0.0|INFORM|Shared folders for transformer categories are : \\SVV1P04AUSER01\KNJETL$\documents\FME\TransformerCategories
2016-11-23 10:38:03|   0.1|  0.0|INFORM|FME Configuration: Reader Keyword is `MULTI_READER'
2016-11-23 10:38:03|   0.1|  0.0|INFORM|FME Configuration: Writer Keyword is `MULTI_WRITER'
2016-11-23 10:38:03|   0.1|  0.0|INFORM|FME Configuration: Writer Group Definition Keyword is `MULTI_WRITER_DEF'
2016-11-23 10:38:03|   0.1|  0.0|INFORM|FME Configuration: Reader type is `MULTI_READER'
2016-11-23 10:38:03|   0.1|  0.0|INFORM|FME Configuration: Writer type is `MULTI_WRITER'
2016-11-23 10:38:03|   0.1|  0.0|INFORM|FME Configuration: No destination coordinate system set
2016-11-23 10:38:03|   0.1|  0.0|INFORM|FME Configuration: Current working folder is `C:\DATA\GLA\FMW'
2016-11-23 10:38:03|   0.1|  0.0|INFORM|FME Configuration: Temporary folder is `C:\Users\knjetl\AppData\Local\Temp'
2016-11-23 10:38:03|   0.1|  0.0|INFORM|FME Configuration: FME_HOME is `C:\Program Files\FME2016.1\64\'
2016-11-23 10:38:03|   0.1|  0.0|INFORM|FME Configuration: FME_BASE is 'no'
2016-11-23 10:38:03|   0.1|  0.0|INFORM|FME Configuration: FME_MF_DIR is 'C:\DATA\GLA\FMW/'
2016-11-23 10:38:03|   0.1|  0.0|INFORM|FME Configuration: FME_MF_NAME is 'gml_gml2none.fmw'
2016-11-23 10:38:03|   0.1|  0.0|INFORM|FME Configuration: FME_PRODUCT_NAME is 'FME(R) 2016.1.0.0'
2016-11-23 10:38:03|   0.1|  0.0|INFORM|System Status: 215.14 GB of disk space available in the FME temporary folder (C:\Users\knjetl\AppData\Local\Temp)
2016-11-23 10:38:03|   0.1|  0.0|INFORM|System Status: 8.00 TB of virtual memory available
2016-11-23 10:38:03|   0.1|  0.0|INFORM|Operating System: Microsoft Windows 7 64-bit Service Pack 1 (Build 7601)
2016-11-23 10:38:03|   0.1|  0.0|INFORM|FME Platform: WIN64
2016-11-23 10:38:03|   0.1|  0.0|INFORM|Locale: nb_NO
2016-11-23 10:38:03|   0.1|  0.0|INFORM|Code Page: 1252  (ANSI - latin I)
2016-11-23 10:38:03|   0.1|  0.0|INFORM|FME Configuration: Process limits are 31.91 GB of physical memory and 8.00 TB of address space
2016-11-23 10:38:03|   0.1|  0.0|INFORM|FME Configuration: Start freeing memory when process usage exceeds 95.72 GB of memory or 8.00 TB of address space
2016-11-23 10:38:03|   0.1|  0.0|INFORM|FME Configuration: Stop freeing memory when process usage is below 71.79 GB of memory and 6.00 TB of address space
2016-11-23 10:38:03|   0.1|  0.0|INFORM|Creating writer for format: 
2016-11-23 10:38:03|   0.1|  0.0|INFORM|Creating reader for format: 
2016-11-23 10:38:03|   0.1|  0.0|INFORM|MULTI_READER(MULTI_READER): Will fail with first member reader failure
2016-11-23 10:38:03|   0.1|  0.0|INFORM|MULTI_READER(MULTI_READER): Adding GML Reader with keyword GML_1
2016-11-23 10:38:03|   0.1|  0.0|INFORM|MULTI_READER(MULTI_READER): Adding GML Reader with keyword GML_2
2016-11-23 10:38:03|   0.1|  0.0|INFORM|Using Multi Reader $Revision$ ( $Date$ ) with keyword `MULTI_READER' to read multiple datasets
2016-11-23 10:38:03|   0.1|  0.0|INFORM|Creating reader for format: GML (Geography Markup Language)
2016-11-23 10:38:03|   0.1|  0.0|INFORM|Trying to find a DYNAMIC plugin for reader named `GML'
2016-11-23 10:38:03|   0.2|  0.0|INFORM|Loaded module 'GML' from file 'C:\Program Files\FME2016.1\64\plugins/GML.dll'
2016-11-23 10:38:03|   0.2|  0.0|INFORM|FME API version of module 'GML' matches current internal version (3.8 20160224)
2016-11-23 10:38:03|   0.2|  0.0|INFORM|The uri-map document 'C:\Program Files\FME2016.1\64\xml\urimap\gml_aixm.xml' is being used to map from URI to URI
2016-11-23 10:38:03|   0.2|  0.0|INFORM|The uri-map document 'C:\Program Files\FME2016.1\64\xml\urimap\gml_citygml.xml' is being used to map from URI to URI
2016-11-23 10:38:03|   0.2|  0.0|INFORM|The uri-map document 'C:\Program Files\FME2016.1\64\xml\urimap\gml_inspire.xml' is being used to map from URI to URI
2016-11-23 10:38:03|   0.2|  0.0|INFORM|The uri-map document 'C:\Program Files\FME2016.1\64\xml\urimap\gml_urimap.xml' is being used to map from URI to URI
2016-11-23 10:38:03|   0.2|  0.0|INFORM|Using MultiWriter $Revision$ ( $Date$ ) with keyword `MULTI_WRITER' to output data (ID_ATTRIBUTE is `multi_writer_id')
2016-11-23 10:38:03|   0.2|  0.0|INFORM|Writer output will be ordered by value of multi_writer_id
2016-11-23 10:38:03|   0.2|  0.0|INFORM|Loaded module 'LogCount_func' from file 'C:\Program Files\FME2016.1\64\plugins/LogCount_func.dll'
2016-11-23 10:38:03|   0.2|  0.0|INFORM|FME API version of module 'LogCount_func' matches current internal version (3.8 20160224)
2016-11-23 10:38:03|   0.2|  0.0|INFORM|Creating writer for format: FME Feature Store (FFS)
2016-11-23 10:38:03|   0.2|  0.0|INFORM|FME Configuration: No destination coordinate system set
2016-11-23 10:38:03|   0.3|  0.0|INFORM|Loaded module 'BreakpointFactory' from file 'C:\Program Files\FME2016.1\64\plugins/BreakpointFactory.dll'
2016-11-23 10:38:03|   0.3|  0.0|INFORM|FME API version of module 'BreakpointFactory' matches current internal version (3.8 20160224)
2016-11-23 10:38:03|   0.3|  0.0|INFORM|Feature Inspection module initialized. Workbench@51253 and FME@51255
2016-11-23 10:38:03|   0.3|  0.0|INFORM|FME API version of module 'BreakpointFactory' matches current internal version (3.8 20160224)
2016-11-23 10:38:03|   0.3|  0.0|INFORM|... Last line repeated 25 times ...
2016-11-23 10:38:03|   0.3|  0.0|INFORM|URI 'file:///C:/Program Files/FME2016.1/64/xml/gml_v3.2/no_schema_dummy_gml.xsd' mapped to 'file:///C:/Program Files/FME2016.1/64/xml/gml_v3.2/no_schema_dummy_gml.xsd'
2016-11-23 10:38:03|   0.3|  0.0|INFORM|Parsing schema document 'file:///C:/Program Files/FME2016.1/64/xml/gml_v3.2/no_schema_dummy_gml.xsd' ...
2016-11-23 10:38:03|   0.3|  0.0|INFORM|Using XSD semantics configuration file 'C:\Program Files\FME2016.1\64\xml\gml_v3.2\no_schema_gml_config.xml'.
2016-11-23 10:38:03|   0.3|  0.0|INFORM|XSD semantics configuration file: 'file:///C:/Program Files/FME2016.1/64/xml/gml_v3.2/no_schema_gml_config.xml' including 'gml_config.xml'
2016-11-23 10:38:03|   0.3|  0.0|INFORM|Pre-processing xfMap 'C:\Users\knjetl\AppData\Local\Temp\XFMAP_AUTOGEN1479893883405_11512.xml' with macro stylesheet 'C:\Program Files\FME2016.1\64\xfmap\xfmap_macro.xslt' into 'C:\Users\knjetl\AppData\Local\Temp\NOMACRO_XFMAP_1479893883412_11512.xml'
2016-11-23 10:38:03|   0.3|  0.0|INFORM|The XML Reader is using xfMap 'C:\Users\knjetl\AppData\Local\Temp\NOMACRO_XFMAP_1479893883412_11512.xml'
2016-11-23 10:38:03|   0.5|  0.2|INFORM|FME Configuration: Source coordinate system for reader GML_1[GML] set to `EPSG:25832' as read from input data
2016-11-23 10:38:03|   0.5|  0.0|INFORM|Coordinate System `EPSG:25832' parameters: CS_NAME=`ETRS89.UTM-32N' DESC_NM=`Transverse Mercator (ETRS89-TM32)' DT_NAME=`ETRS89/01' GROUP=`UTMN' MAP_SCL=`1' MAX_LAT=`66.45' MAX_LNG=`12.8666666666667' MIN_LAT=`57.1166666666667' MIN_LNG=`4.18333333333333' PARM1=`9' PROJ=`TM' QUAD=`1' SCL_RED=`0.9996' SOURCE=`EPSG, V6.3, 25832 [Large and medium scale topographic mappi]' UNIT=`Meter' X_OFF=`500000' Y_OFF=`0.0' ZERO_X=`0.0001' ZERO_Y=`0.0001' 
2016-11-23 10:38:03|   0.5|  0.0|INFORM|Creating writer for format: 
2016-11-23 10:38:03|   0.5|  0.0|INFORM|FME Configuration: No destination coordinate system set
2016-11-23 10:38:03|   0.5|  0.0|INFORM|Using MultiWriter $Revision$ ( $Date$ ) with keyword `GML_3_FANOUT' to output data (ID_ATTRIBUTE is `multi_writer_id')
2016-11-23 10:38:03|   0.5|  0.0|INFORM|Writer output will be ordered by input dataset ordering
2016-11-23 10:38:03|   0.5|  0.0|INFORM|Writer `GML_3_FANOUT' of type `MULTI_WRITER' using group definition keyword `MULTI_WRITER_DEF'
2016-11-23 10:38:03|   0.5|  0.0|INFORM|Creating writer for format: GML (Geography Markup Language)
2016-11-23 10:38:03|   0.5|  0.0|INFORM|Trying to find a DYNAMIC plugin for writer named `GML'
2016-11-23 10:38:03|   0.5|  0.0|INFORM|FME API version of module 'GML' matches current internal version (3.8 20160224)
2016-11-23 10:38:03|   0.5|  0.0|INFORM|FME Configuration: No destination coordinate system set
2016-11-23 10:38:03|   0.5|  0.0|INFORM|FME API version of module 'GML' matches current internal version (3.8 20160224)
2016-11-23 10:38:03|   0.5|  0.0|INFORM|Writer `GML_3' of type `GML' using group definition keyword `GML_3_DEF'
2016-11-23 10:38:03|   0.5|  0.0|INFORM|FME API version of module 'GML' matches current internal version (3.8 20160224)
2016-11-23 10:38:03|   0.5|  0.0|INFORM|<GML_3 Writer> - Using GML 'GENERIC_APPLICATION_SCHEMA' profile writer
2016-11-23 10:38:03|   0.5|  0.0|INFORM|The uri-map document 'C:\Program Files\FME2016.1\64\xml\urimap\gml_aixm.xml' is being used to map from URI to URI
2016-11-23 10:38:03|   0.5|  0.0|INFORM|The uri-map document 'C:\Program Files\FME2016.1\64\xml\urimap\gml_citygml.xml' is being used to map from URI to URI
2016-11-23 10:38:03|   0.5|  0.0|INFORM|The uri-map document 'C:\Program Files\FME2016.1\64\xml\urimap\gml_inspire.xml' is being used to map from URI to URI
2016-11-23 10:38:03|   0.5|  0.0|INFORM|The uri-map document 'C:\Program Files\FME2016.1\64\xml\urimap\gml_urimap.xml' is being used to map from URI to URI
2016-11-23 10:38:03|   0.5|  0.0|INFORM|URI 'https://raw.githubusercontent.com/jetgeo/NVDBGML/master/XSD/GLA/glabelysning.xsd' mapped to 'https://raw.githubusercontent.com/jetgeo/NVDBGML/master/XSD/GLA/glabelysning.xsd'
2016-11-23 10:38:03|   0.5|  0.0|INFORM|'https://raw.githubusercontent.com/jetgeo/NVDBGML/master/XSD/GLA/glabelysning.xsd' mapped to 'C:\Users\knjetl\AppData\Local\Temp\FME_XSD_CACHE\fmexsd_1479817231264_11372.xml'
2016-11-23 10:38:03|   0.5|  0.0|INFORM|Parsing schema document 'C:\Users\knjetl\AppData\Local\Temp\FME_XSD_CACHE\fmexsd_1479817231264_11372.xml' ...
2016-11-23 10:38:03|   0.5|  0.0|INFORM|'https://raw.githubusercontent.com/jetgeo/NVDBGML/master/XSD/GLA/181.xsd' mapped to 'C:\Users\knjetl\AppData\Local\Temp\FME_XSD_CACHE\fmexsd_1479817231672_11372.xml'
2016-11-23 10:38:03|   0.5|  0.0|INFORM|'https://raw.githubusercontent.com/jetgeo/NVDBGML/master/XSD/GLA/glabelysning.xsd' mapped to 'C:\Users\knjetl\AppData\Local\Temp\FME_XSD_CACHE\fmexsd_1479817231264_11372.xml'
2016-11-23 10:38:03|   0.5|  0.0|INFORM|A <schemaLocation> in the uri-map is overriding the namespace 'http://www.w3.org/1999/xlink' xsd location from '../../xlink/1.0.0/xlinks.xsd' to 'xlink.xsd'
2016-11-23 10:38:03|   0.5|  0.0|INFORM|A <schemaLocation> in the uri-map is overriding the namespace 'http://www.w3.org/1999/xlink' xsd location from '../../../../xlink/1.0.0/xlinks.xsd' to 'xlink.xsd'
2016-11-23 10:38:03|   0.6|  0.0|INFORM|A <schemaLocation> in the uri-map is overriding the namespace 'http://www.w3.org/1999/xlink' xsd location from '../../../../xlink/1.0.0/xlinks.xsd' to 'xlink.xsd'
2016-11-23 10:38:03|   0.6|  0.0|INFORM|'https://raw.githubusercontent.com/jetgeo/NVDBGML/master/XSD/GLA/277.xsd' mapped to 'C:\Users\knjetl\AppData\Local\Temp\FME_XSD_CACHE\fmexsd_1479817231927_11372.xml'
2016-11-23 10:38:03|   0.6|  0.0|INFORM|'https://raw.githubusercontent.com/jetgeo/NVDBGML/master/XSD/GLA/glabelysning.xsd' mapped to 'C:\Users\knjetl\AppData\Local\Temp\FME_XSD_CACHE\fmexsd_1479817231264_11372.xml'
2016-11-23 10:38:03|   0.6|  0.0|INFORM|'https://raw.githubusercontent.com/jetgeo/NVDBGML/master/XSD/GLA/297.xsd' mapped to 'C:\Users\knjetl\AppData\Local\Temp\FME_XSD_CACHE\fmexsd_1479817232233_11372.xml'
2016-11-23 10:38:03|   0.6|  0.0|INFORM|'https://raw.githubusercontent.com/jetgeo/NVDBGML/master/XSD/GLA/glabelysning.xsd' mapped to 'C:\Users\knjetl\AppData\Local\Temp\FME_XSD_CACHE\fmexsd_1479817231264_11372.xml'
2016-11-23 10:38:03|   0.6|  0.0|INFORM|'https://raw.githubusercontent.com/jetgeo/NVDBGML/master/XSD/GLA/446.xsd' mapped to 'C:\Users\knjetl\AppData\Local\Temp\FME_XSD_CACHE\fmexsd_1479817232449_11372.xml'
2016-11-23 10:38:03|   0.6|  0.0|INFORM|'https://raw.githubusercontent.com/jetgeo/NVDBGML/master/XSD/GLA/glabelysning.xsd' mapped to 'C:\Users\knjetl\AppData\Local\Temp\FME_XSD_CACHE\fmexsd_1479817231264_11372.xml'
2016-11-23 10:38:03|   0.6|  0.0|INFORM|'https://raw.githubusercontent.com/jetgeo/NVDBGML/master/XSD/GLA/461.xsd' mapped to 'C:\Users\knjetl\AppData\Local\Temp\FME_XSD_CACHE\fmexsd_1479817232669_11372.xml'
2016-11-23 10:38:03|   0.6|  0.0|INFORM|'https://raw.githubusercontent.com/jetgeo/NVDBGML/master/XSD/GLA/glabelysning.xsd' mapped to 'C:\Users\knjetl\AppData\Local\Temp\FME_XSD_CACHE\fmexsd_1479817231264_11372.xml'
2016-11-23 10:38:03|   0.6|  0.0|INFORM|'https://raw.githubusercontent.com/jetgeo/NVDBGML/master/XSD/GLA/481.xsd' mapped to 'C:\Users\knjetl\AppData\Local\Temp\FME_XSD_CACHE\fmexsd_1479817232864_11372.xml'
2016-11-23 10:38:03|   0.6|  0.0|INFORM|'https://raw.githubusercontent.com/jetgeo/NVDBGML/master/XSD/GLA/glabelysning.xsd' mapped to 'C:\Users\knjetl\AppData\Local\Temp\FME_XSD_CACHE\fmexsd_1479817231264_11372.xml'
2016-11-23 10:38:03|   0.6|  0.0|INFORM|'https://raw.githubusercontent.com/jetgeo/NVDBGML/master/XSD/GLA/762.xsd' mapped to 'C:\Users\knjetl\AppData\Local\Temp\FME_XSD_CACHE\fmexsd_147981723349_11372.xml'
2016-11-23 10:38:03|   0.6|  0.0|INFORM|'https://raw.githubusercontent.com/jetgeo/NVDBGML/master/XSD/GLA/glabelysning.xsd' mapped to 'C:\Users\knjetl\AppData\Local\Temp\FME_XSD_CACHE\fmexsd_1479817231264_11372.xml'
2016-11-23 10:38:03|   0.6|  0.0|INFORM|'https://raw.githubusercontent.com/jetgeo/NVDBGML/master/XSD/GLA/86.xsd' mapped to 'C:\Users\knjetl\AppData\Local\Temp\FME_XSD_CACHE\fmexsd_1479817233308_11372.xml'
2016-11-23 10:38:03|   0.6|  0.0|INFORM|'https://raw.githubusercontent.com/jetgeo/NVDBGML/master/XSD/GLA/glabelysning.xsd' mapped to 'C:\Users\knjetl\AppData\Local\Temp\FME_XSD_CACHE\fmexsd_1479817231264_11372.xml'
2016-11-23 10:38:03|   0.6|  0.0|INFORM|'https://raw.githubusercontent.com/jetgeo/NVDBGML/master/XSD/GLA/87.xsd' mapped to 'C:\Users\knjetl\AppData\Local\Temp\FME_XSD_CACHE\fmexsd_1479817233680_11372.xml'
2016-11-23 10:38:03|   0.6|  0.0|INFORM|'https://raw.githubusercontent.com/jetgeo/NVDBGML/master/XSD/GLA/glabelysning.xsd' mapped to 'C:\Users\knjetl\AppData\Local\Temp\FME_XSD_CACHE\fmexsd_1479817231264_11372.xml'
2016-11-23 10:38:03|   0.6|  0.0|INFORM|'https://raw.githubusercontent.com/jetgeo/NVDBGML/master/XSD/GLA/88.xsd' mapped to 'C:\Users\knjetl\AppData\Local\Temp\FME_XSD_CACHE\fmexsd_1479817233909_11372.xml'
2016-11-23 10:38:03|   0.6|  0.0|INFORM|'https://raw.githubusercontent.com/jetgeo/NVDBGML/master/XSD/GLA/glabelysning.xsd' mapped to 'C:\Users\knjetl\AppData\Local\Temp\FME_XSD_CACHE\fmexsd_1479817231264_11372.xml'
2016-11-23 10:38:03|   0.6|  0.0|INFORM|'https://raw.githubusercontent.com/jetgeo/NVDBGML/master/XSD/GLA/SOSIFelles.xsd' mapped to 'C:\Users\knjetl\AppData\Local\Temp\FME_XSD_CACHE\fmexsd_1479817234201_11372.xml'
2016-11-23 10:38:03|   0.6|  0.0|INFORM|'https://raw.githubusercontent.com/jetgeo/NVDBGML/master/XSD/GLA/glabelysning.xsd' mapped to 'C:\Users\knjetl\AppData\Local\Temp\FME_XSD_CACHE\fmexsd_1479817231264_11372.xml'
2016-11-23 10:38:03|   0.6|  0.0|INFORM|<GML_3 Writer> - Map Embedded Object as: 'ATTRIBUTES'
2016-11-23 10:38:03|   0.6|  0.0|INFORM|<GML_3 Writer> - Map Predefined Properties: 'NO'
2016-11-23 10:38:03|   0.6|  0.0|INFORM|<GML_3 Writer> - Map All Substitutable Properties: 'YES'
2016-11-23 10:38:03|   0.6|  0.0|INFORM|<GML_3 Writer> - Map Complex Properties as: 'NESTED_ATTRIBUTES'
2016-11-23 10:38:03|   0.6|  0.0|INFORM|<GML_3 Writer> - Add XML Namespace Prefix to: 'UNSET'
2016-11-23 10:38:03|   0.6|  0.0|INFORM|<GML_3 Writer> - Limit Number of Lists in Nested Attributes: 'UNSET'
2016-11-23 10:38:03|   0.6|  0.0|INFORM|Using XSD semantics configuration file 'file:///C:/Program Files/FME2016.1/64/xml/gml_v3.2/gml_config.xml'.
2016-11-23 10:38:03|   0.7|  0.1|INFORM|FME Configuration: Destination coordinate system set to input coordinate system `EPSG:25832'
2016-11-23 10:38:03|   0.7|  0.0|INFORM|<GML_3 Writer> - Calculating dataset bounding box, please wait...
2016-11-23 10:38:03|   0.7|  0.0|INFORM|Creating reader for format: GML (Geography Markup Language)
2016-11-23 10:38:03|   0.7|  0.0|INFORM|Trying to find a DYNAMIC plugin for reader named `GML'
2016-11-23 10:38:03|   0.7|  0.0|INFORM|FME API version of module 'GML' matches current internal version (3.8 20160224)
2016-11-23 10:38:03|   0.7|  0.0|INFORM|The uri-map document 'C:\Program Files\FME2016.1\64\xml\urimap\gml_aixm.xml' is being used to map from URI to URI
2016-11-23 10:38:03|   0.7|  0.0|INFORM|The uri-map document 'C:\Program Files\FME2016.1\64\xml\urimap\gml_citygml.xml' is being used to map from URI to URI
2016-11-23 10:38:03|   0.7|  0.0|INFORM|The uri-map document 'C:\Program Files\FME2016.1\64\xml\urimap\gml_inspire.xml' is being used to map from URI to URI
2016-11-23 10:38:03|   0.7|  0.0|INFORM|The uri-map document 'C:\Program Files\FME2016.1\64\xml\urimap\gml_urimap.xml' is being used to map from URI to URI
2016-11-23 10:38:03|   0.7|  0.0|INFORM|URI 'file:///C:/Program Files/FME2016.1/64/xml/gml_v3.2/no_schema_dummy_gml.xsd' mapped to 'file:///C:/Program Files/FME2016.1/64/xml/gml_v3.2/no_schema_dummy_gml.xsd'
2016-11-23 10:38:03|   0.7|  0.0|INFORM|Parsing schema document 'file:///C:/Program Files/FME2016.1/64/xml/gml_v3.2/no_schema_dummy_gml.xsd' ...
2016-11-23 10:38:03|   0.7|  0.0|INFORM|Using XSD semantics configuration file 'C:\Program Files\FME2016.1\64\xml\gml_v3.2\no_schema_gml_config.xml'.
2016-11-23 10:38:03|   0.7|  0.0|INFORM|XSD semantics configuration file: 'file:///C:/Program Files/FME2016.1/64/xml/gml_v3.2/no_schema_gml_config.xml' including 'gml_config.xml'
2016-11-23 10:38:03|   0.7|  0.0|INFORM|Pre-processing xfMap 'C:\Users\knjetl\AppData\Local\Temp\XFMAP_AUTOGEN1479893883984_11512.xml' with macro stylesheet 'C:\Program Files\FME2016.1\64\xfmap\xfmap_macro.xslt' into 'C:\Users\knjetl\AppData\Local\Temp\NOMACRO_XFMAP_1479893883991_11512.xml'
2016-11-23 10:38:04|   0.8|  0.0|INFORM|The XML Reader is using xfMap 'C:\Users\knjetl\AppData\Local\Temp\NOMACRO_XFMAP_1479893883991_11512.xml'
2016-11-23 10:38:04|   0.8|  0.0|INFORM|FME Configuration: Source coordinate system for reader GML_2[GML] set to `EPSG:32633' as read from input data
2016-11-23 10:38:04|   0.8|  0.0|INFORM|Coordinate System `EPSG:32633' parameters: CS_NAME=`UTM84-33N' DESC_NM=`UTM-WGS 1984 datum, Zone 33 North, Meter; Cent. Meridian 15d E' DT_NAME=`WGS84' GROUP=`UTMN' MAP_SCL=`1' MAX_LAT=`90' MAX_LNG=`18.75' MIN_LAT=`-8.4' MIN_LNG=`11.25' PARM1=`15' PROJ=`TM' QUAD=`1' SCL_RED=`0.9996' SOURCE=`Snyder, J.P, 1987, Map Projections - A Working Manual' UNIT=`METER' X_OFF=`500000.0' Y_OFF=`0.0' 
2016-11-23 10:38:04|   0.8|  0.0|INFORM|MULTI_READER(MULTI_READER): Done reading 86 features from 2 readers
2016-11-23 10:38:04|   0.8|  0.0|INFORM|Emptying factory pipeline
2016-11-23 10:38:04|   0.8|  0.0|STATS |Router and Unexpected Input Remover(RoutingFactory): Tested 86 input feature(s), wrote 86 output feature(s): 86 matched merge filters, 86 were routed to output, 0 could not be routed.
2016-11-23 10:38:04|   0.8|  0.0|STATS |Unexpected Input Remover Nuker(TeeFactory): Cloned 0 input feature(s) into 0 output feature(s)
2016-11-23 10:38:04|   0.8|  0.0|STATS |lysarmatur (GML_2) Splitter(TeeFactory): Cloned 15 input feature(s) into 15 output feature(s)
2016-11-23 10:38:04|   0.8|  0.0|STATS |belysningspunkt (GML_2) Splitter(TeeFactory): Cloned 16 input feature(s) into 16 output feature(s)
2016-11-23 10:38:04|   0.8|  0.0|STATS |elektriskanlegg (GML_2) Splitter(TeeFactory): Cloned 1 input feature(s) into 1 output feature(s)
2016-11-23 10:38:04|   0.8|  0.0|STATS |belysningsstrekning (GML_2) Splitter(TeeFactory): Cloned 14 input feature(s) into 14 output feature(s)
2016-11-23 10:38:04|   0.8|  0.0|STATS |tennpunkt (GML_2) Splitter(TeeFactory): Cloned 1 input feature(s) into 1 output feature(s)
2016-11-23 10:38:04|   0.8|  0.0|STATS |lysmast (GML_2) Splitter(TeeFactory): Cloned 16 input feature(s) into 16 output feature(s)
2016-11-23 10:38:04|   0.8|  0.0|STATS |belysningspunkt (GML_1) Splitter(TeeFactory): Cloned 15 input feature(s) into 15 output feature(s)
2016-11-23 10:38:04|   0.8|  0.0|STATS |belysningsstrekning (GML_1) Splitter(TeeFactory): Cloned 3 input feature(s) into 3 output feature(s)
2016-11-23 10:38:04|   0.8|  0.0|STATS |lysmast (GML_1) Splitter(TeeFactory): Cloned 5 input feature(s) into 5 output feature(s)
2016-11-23 10:38:04|   0.8|  0.0|STATS |AttributeExposer_4(TeeFactory): Cloned 1 input feature(s) into 1 output feature(s)
2016-11-23 10:38:04|   0.8|  0.0|STATS |AttributeManager_4 OUTPUT Splitter(TeeFactory): Cloned 1 input feature(s) into 2 output feature(s)
2016-11-23 10:38:04|   0.8|  0.0|STATS |tennpunkt (Disabled) Nuker(TeeFactory): Cloned 1 input feature(s) into 0 output feature(s)
2016-11-23 10:38:04|   0.8|  0.0|STATS |AttributeExposer_6(TeeFactory): Cloned 1 input feature(s) into 1 output feature(s)
2016-11-23 10:38:04|   0.8|  0.0|STATS |AttributeManager_6 OUTPUT Splitter(TeeFactory): Cloned 1 input feature(s) into 2 output feature(s)
2016-11-23 10:38:04|   0.8|  0.0|STATS |elektriskanlegg (Disabled) Nuker(TeeFactory): Cloned 1 input feature(s) into 0 output feature(s)
2016-11-23 10:38:04|   0.8|  0.0|STATS |AttributeExposer_5(TeeFactory): Cloned 15 input feature(s) into 15 output feature(s)
2016-11-23 10:38:04|   0.8|  0.0|STATS |AttributeManager_5 OUTPUT Splitter(TeeFactory): Cloned 15 input feature(s) into 30 output feature(s)
2016-11-23 10:38:04|   0.8|  0.0|STATS |lysarmatur (Disabled) Nuker(TeeFactory): Cloned 15 input feature(s) into 0 output feature(s)
2016-11-23 10:38:04|   0.8|  0.0|STATS |AttributeExposer_3(TeeFactory): Cloned 31 input feature(s) into 31 output feature(s)
2016-11-23 10:38:04|   0.8|  0.0|STATS |AttributeManager_3 OUTPUT Splitter(TeeFactory): Cloned 31 input feature(s) into 62 output feature(s)
2016-11-23 10:38:04|   0.8|  0.0|STATS |belysningspunkt (Disabled) Nuker(TeeFactory): Cloned 31 input feature(s) into 0 output feature(s)
2016-11-23 10:38:04|   0.8|  0.0|STATS |AttributeExposer_2(TeeFactory): Cloned 21 input feature(s) into 21 output feature(s)
2016-11-23 10:38:04|   0.8|  0.0|STATS |AttributeManager_2 OUTPUT Splitter(TeeFactory): Cloned 21 input feature(s) into 42 output feature(s)
2016-11-23 10:38:04|   0.8|  0.0|STATS |lysmast (Disabled) Nuker(TeeFactory): Cloned 21 input feature(s) into 0 output feature(s)
2016-11-23 10:38:04|   0.8|  0.0|STATS |AttributeExposer(TeeFactory): Cloned 17 input feature(s) into 17 output feature(s)
2016-11-23 10:38:04|   0.8|  0.0|STATS |AttributeManager OUTPUT Splitter(TeeFactory): Cloned 17 input feature(s) into 34 output feature(s)
2016-11-23 10:38:04|   0.8|  0.0|STATS |belysningsstrekning (Disabled) Nuker(TeeFactory): Cloned 17 input feature(s) into 0 output feature(s)
2016-11-23 10:38:04|   0.8|  0.0|STATS |Destination Feature Type Routing Correlator(RoutingFactory): Tested 86 input feature(s), wrote 86 output feature(s): 0 matched merge filters, 86 were routed to output, 0 could not be routed.
2016-11-23 10:38:04|   0.8|  0.0|STATS |Final Output Nuker(TeeFactory): Cloned 0 input feature(s) into 0 output feature(s)
2016-11-23 10:38:04|   0.8|  0.0|INFORM|=-=-=-=-=-=-=-=-=-=-=-=-=-=-=-=-=-=-=-=-=-=-=-=-=-=-=-=-=-=-=-=-=-=-=-=-=-=-=-
2016-11-23 10:38:04|   0.8|  0.0|INFORM|Feature output statistics for `FFS' writer using keyword `W_1':
2016-11-23 10:38:04|   0.8|  0.0|STATS |=-=-=-=-=-=-=-=-=-=-=-=-=-=-=-=-=-=-=-=-=-=-=-=-=-=-=-=-=-=-=-=-=-=-=-=-=-=-=-
2016-11-23 10:38:04|   0.8|  0.0|STATS |                               Features Written
2016-11-23 10:38:04|   0.8|  0.0|STATS |=-=-=-=-=-=-=-=-=-=-=-=-=-=-=-=-=-=-=-=-=-=-=-=-=-=-=-=-=-=-=-=-=-=-=-=-=-=-=-
2016-11-23 10:38:04|   0.8|  0.0|STATS |==============================================================================
2016-11-23 10:38:04|   0.8|  0.0|STATS |Total Features Written                                                       0
2016-11-23 10:38:04|   0.8|  0.0|STATS |=-=-=-=-=-=-=-=-=-=-=-=-=-=-=-=-=-=-=-=-=-=-=-=-=-=-=-=-=-=-=-=-=-=-=-=-=-=-=-
2016-11-23 10:38:04|   0.8|  0.0|INFORM|<GML_3 Writer> - Writing the GML document 'C:\DATA\GLA\Data\Transformert\Transformert_GMLData_fra _lillehammer.gml'
2016-11-23 10:38:04|   0.8|  0.0|WARN  |<GML_3 Writer> - Feature collection needed, forcing 'FeatureCollection' from 'http://www.opengis.net/gml/3.2'
2016-11-23 10:38:04|   0.8|  0.0|INFORM|=-=-=-=-=-=-=-=-=-=-=-=-=-=-=-=-=-=-=-=-=-=-=-=-=-=-=-=-=-=-=-=-=-=-=-=-=-=-=-
2016-11-23 10:38:04|   0.8|  0.0|INFORM|Feature output statistics for `GML' writer using keyword `GML_3':
2016-11-23 10:38:04|   0.8|  0.0|STATS |=-=-=-=-=-=-=-=-=-=-=-=-=-=-=-=-=-=-=-=-=-=-=-=-=-=-=-=-=-=-=-=-=-=-=-=-=-=-=-
2016-11-23 10:38:04|   0.8|  0.0|STATS |                               Features Written
2016-11-23 10:38:04|   0.8|  0.0|STATS |=-=-=-=-=-=-=-=-=-=-=-=-=-=-=-=-=-=-=-=-=-=-=-=-=-=-=-=-=-=-=-=-=-=-=-=-=-=-=-
2016-11-23 10:38:04|   0.8|  0.0|STATS |Belysningspunkt                                                             15
2016-11-23 10:38:04|   0.8|  0.0|STATS |Belysningsstrekning                                                          3
2016-11-23 10:38:04|   0.8|  0.0|STATS |Lysmast                                                                      5
2016-11-23 10:38:04|   0.8|  0.0|STATS |==============================================================================
2016-11-23 10:38:04|   0.8|  0.0|STATS |Total Features Written                                                      23
2016-11-23 10:38:04|   0.8|  0.0|STATS |=-=-=-=-=-=-=-=-=-=-=-=-=-=-=-=-=-=-=-=-=-=-=-=-=-=-=-=-=-=-=-=-=-=-=-=-=-=-=-
2016-11-23 10:38:04|   0.8|  0.0|INFORM|MULTI_WRITER: multi_writer_id `Transformert_GMLData.gml': Started outputting features
2016-11-23 10:38:04|   0.8|  0.0|INFORM|Creating writer for format: GML (Geography Markup Language)
2016-11-23 10:38:04|   0.8|  0.0|INFORM|Trying to find a DYNAMIC plugin for writer named `GML'
2016-11-23 10:38:04|   0.8|  0.0|INFORM|FME API version of module 'GML' matches current internal version (3.8 20160224)
2016-11-23 10:38:04|   0.8|  0.0|INFORM|FME Configuration: No destination coordinate system set
2016-11-23 10:38:04|   0.8|  0.0|INFORM|FME API version of module 'GML' matches current internal version (3.8 20160224)
2016-11-23 10:38:04|   0.8|  0.0|INFORM|Writer `GML_3' of type `GML' using group definition keyword `GML_3_DEF'
2016-11-23 10:38:04|   0.8|  0.0|INFORM|FME API version of module 'GML' matches current internal version (3.8 20160224)
2016-11-23 10:38:04|   0.8|  0.0|INFORM|<GML_3 Writer> - Using GML 'GENERIC_APPLICATION_SCHEMA' profile writer
2016-11-23 10:38:04|   0.8|  0.0|INFORM|The uri-map document 'C:\Program Files\FME2016.1\64\xml\urimap\gml_aixm.xml' is being used to map from URI to URI
2016-11-23 10:38:04|   0.8|  0.0|INFORM|The uri-map document 'C:\Program Files\FME2016.1\64\xml\urimap\gml_citygml.xml' is being used to map from URI to URI
2016-11-23 10:38:04|   0.8|  0.0|INFORM|The uri-map document 'C:\Program Files\FME2016.1\64\xml\urimap\gml_inspire.xml' is being used to map from URI to URI
2016-11-23 10:38:04|   0.8|  0.0|INFORM|The uri-map document 'C:\Program Files\FME2016.1\64\xml\urimap\gml_urimap.xml' is being used to map from URI to URI
2016-11-23 10:38:04|   0.8|  0.0|INFORM|URI 'https://raw.githubusercontent.com/jetgeo/NVDBGML/master/XSD/GLA/glabelysning.xsd' mapped to 'https://raw.githubusercontent.com/jetgeo/NVDBGML/master/XSD/GLA/glabelysning.xsd'
2016-11-23 10:38:04|   0.8|  0.0|INFORM|'https://raw.githubusercontent.com/jetgeo/NVDBGML/master/XSD/GLA/glabelysning.xsd' mapped to 'C:\Users\knjetl\AppData\Local\Temp\FME_XSD_CACHE\fmexsd_1479817231264_11372.xml'
2016-11-23 10:38:04|   0.8|  0.0|INFORM|Parsing schema document 'C:\Users\knjetl\AppData\Local\Temp\FME_XSD_CACHE\fmexsd_1479817231264_11372.xml' ...
2016-11-23 10:38:04|   0.8|  0.0|INFORM|'https://raw.githubusercontent.com/jetgeo/NVDBGML/master/XSD/GLA/181.xsd' mapped to 'C:\Users\knjetl\AppData\Local\Temp\FME_XSD_CACHE\fmexsd_1479817231672_11372.xml'
2016-11-23 10:38:04|   0.8|  0.0|INFORM|'https://raw.githubusercontent.com/jetgeo/NVDBGML/master/XSD/GLA/glabelysning.xsd' mapped to 'C:\Users\knjetl\AppData\Local\Temp\FME_XSD_CACHE\fmexsd_1479817231264_11372.xml'
2016-11-23 10:38:04|   0.8|  0.0|INFORM|A <schemaLocation> in the uri-map is overriding the namespace 'http://www.w3.org/1999/xlink' xsd location from '../../xlink/1.0.0/xlinks.xsd' to 'xlink.xsd'
2016-11-23 10:38:04|   0.8|  0.0|INFORM|A <schemaLocation> in the uri-map is overriding the namespace 'http://www.w3.org/1999/xlink' xsd location from '../../../../xlink/1.0.0/xlinks.xsd' to 'xlink.xsd'
2016-11-23 10:38:04|   0.9|  0.0|INFORM|A <schemaLocation> in the uri-map is overriding the namespace 'http://www.w3.org/1999/xlink' xsd location from '../../../../xlink/1.0.0/xlinks.xsd' to 'xlink.xsd'
2016-11-23 10:38:04|   0.9|  0.0|INFORM|'https://raw.githubusercontent.com/jetgeo/NVDBGML/master/XSD/GLA/277.xsd' mapped to 'C:\Users\knjetl\AppData\Local\Temp\FME_XSD_CACHE\fmexsd_1479817231927_11372.xml'
2016-11-23 10:38:04|   0.9|  0.0|INFORM|'https://raw.githubusercontent.com/jetgeo/NVDBGML/master/XSD/GLA/glabelysning.xsd' mapped to 'C:\Users\knjetl\AppData\Local\Temp\FME_XSD_CACHE\fmexsd_1479817231264_11372.xml'
2016-11-23 10:38:04|   0.9|  0.0|INFORM|'https://raw.githubusercontent.com/jetgeo/NVDBGML/master/XSD/GLA/297.xsd' mapped to 'C:\Users\knjetl\AppData\Local\Temp\FME_XSD_CACHE\fmexsd_1479817232233_11372.xml'
2016-11-23 10:38:04|   0.9|  0.0|INFORM|'https://raw.githubusercontent.com/jetgeo/NVDBGML/master/XSD/GLA/glabelysning.xsd' mapped to 'C:\Users\knjetl\AppData\Local\Temp\FME_XSD_CACHE\fmexsd_1479817231264_11372.xml'
2016-11-23 10:38:04|   0.9|  0.0|INFORM|'https://raw.githubusercontent.com/jetgeo/NVDBGML/master/XSD/GLA/446.xsd' mapped to 'C:\Users\knjetl\AppData\Local\Temp\FME_XSD_CACHE\fmexsd_1479817232449_11372.xml'
2016-11-23 10:38:04|   0.9|  0.0|INFORM|'https://raw.githubusercontent.com/jetgeo/NVDBGML/master/XSD/GLA/glabelysning.xsd' mapped to 'C:\Users\knjetl\AppData\Local\Temp\FME_XSD_CACHE\fmexsd_1479817231264_11372.xml'
2016-11-23 10:38:04|   0.9|  0.0|INFORM|'https://raw.githubusercontent.com/jetgeo/NVDBGML/master/XSD/GLA/461.xsd' mapped to 'C:\Users\knjetl\AppData\Local\Temp\FME_XSD_CACHE\fmexsd_1479817232669_11372.xml'
2016-11-23 10:38:04|   0.9|  0.0|INFORM|'https://raw.githubusercontent.com/jetgeo/NVDBGML/master/XSD/GLA/glabelysning.xsd' mapped to 'C:\Users\knjetl\AppData\Local\Temp\FME_XSD_CACHE\fmexsd_1479817231264_11372.xml'
2016-11-23 10:38:04|   0.9|  0.0|INFORM|'https://raw.githubusercontent.com/jetgeo/NVDBGML/master/XSD/GLA/481.xsd' mapped to 'C:\Users\knjetl\AppData\Local\Temp\FME_XSD_CACHE\fmexsd_1479817232864_11372.xml'
2016-11-23 10:38:04|   0.9|  0.0|INFORM|'https://raw.githubusercontent.com/jetgeo/NVDBGML/master/XSD/GLA/glabelysning.xsd' mapped to 'C:\Users\knjetl\AppData\Local\Temp\FME_XSD_CACHE\fmexsd_1479817231264_11372.xml'
2016-11-23 10:38:04|   0.9|  0.0|INFORM|'https://raw.githubusercontent.com/jetgeo/NVDBGML/master/XSD/GLA/762.xsd' mapped to 'C:\Users\knjetl\AppData\Local\Temp\FME_XSD_CACHE\fmexsd_147981723349_11372.xml'
2016-11-23 10:38:04|   0.9|  0.0|INFORM|'https://raw.githubusercontent.com/jetgeo/NVDBGML/master/XSD/GLA/glabelysning.xsd' mapped to 'C:\Users\knjetl\AppData\Local\Temp\FME_XSD_CACHE\fmexsd_1479817231264_11372.xml'
2016-11-23 10:38:04|   0.9|  0.0|INFORM|'https://raw.githubusercontent.com/jetgeo/NVDBGML/master/XSD/GLA/86.xsd' mapped to 'C:\Users\knjetl\AppData\Local\Temp\FME_XSD_CACHE\fmexsd_1479817233308_11372.xml'
2016-11-23 10:38:04|   0.9|  0.0|INFORM|'https://raw.githubusercontent.com/jetgeo/NVDBGML/master/XSD/GLA/glabelysning.xsd' mapped to 'C:\Users\knjetl\AppData\Local\Temp\FME_XSD_CACHE\fmexsd_1479817231264_11372.xml'
2016-11-23 10:38:04|   0.9|  0.0|INFORM|'https://raw.githubusercontent.com/jetgeo/NVDBGML/master/XSD/GLA/87.xsd' mapped to 'C:\Users\knjetl\AppData\Local\Temp\FME_XSD_CACHE\fmexsd_1479817233680_11372.xml'
2016-11-23 10:38:04|   0.9|  0.0|INFORM|'https://raw.githubusercontent.com/jetgeo/NVDBGML/master/XSD/GLA/glabelysning.xsd' mapped to 'C:\Users\knjetl\AppData\Local\Temp\FME_XSD_CACHE\fmexsd_1479817231264_11372.xml'
2016-11-23 10:38:04|   0.9|  0.0|INFORM|'https://raw.githubusercontent.com/jetgeo/NVDBGML/master/XSD/GLA/88.xsd' mapped to 'C:\Users\knjetl\AppData\Local\Temp\FME_XSD_CACHE\fmexsd_1479817233909_11372.xml'
2016-11-23 10:38:04|   0.9|  0.0|INFORM|'https://raw.githubusercontent.com/jetgeo/NVDBGML/master/XSD/GLA/glabelysning.xsd' mapped to 'C:\Users\knjetl\AppData\Local\Temp\FME_XSD_CACHE\fmexsd_1479817231264_11372.xml'
2016-11-23 10:38:04|   0.9|  0.0|INFORM|'https://raw.githubusercontent.com/jetgeo/NVDBGML/master/XSD/GLA/SOSIFelles.xsd' mapped to 'C:\Users\knjetl\AppData\Local\Temp\FME_XSD_CACHE\fmexsd_1479817234201_11372.xml'
2016-11-23 10:38:04|   0.9|  0.0|INFORM|'https://raw.githubusercontent.com/jetgeo/NVDBGML/master/XSD/GLA/glabelysning.xsd' mapped to 'C:\Users\knjetl\AppData\Local\Temp\FME_XSD_CACHE\fmexsd_1479817231264_11372.xml'
2016-11-23 10:38:04|   0.9|  0.0|INFORM|<GML_3 Writer> - Map Embedded Object as: 'ATTRIBUTES'
2016-11-23 10:38:04|   0.9|  0.0|INFORM|<GML_3 Writer> - Map Predefined Properties: 'NO'
2016-11-23 10:38:04|   0.9|  0.0|INFORM|<GML_3 Writer> - Map All Substitutable Properties: 'YES'
2016-11-23 10:38:04|   0.9|  0.0|INFORM|<GML_3 Writer> - Map Complex Properties as: 'NESTED_ATTRIBUTES'
2016-11-23 10:38:04|   0.9|  0.0|INFORM|<GML_3 Writer> - Add XML Namespace Prefix to: 'UNSET'
2016-11-23 10:38:04|   0.9|  0.0|INFORM|<GML_3 Writer> - Limit Number of Lists in Nested Attributes: 'UNSET'
2016-11-23 10:38:04|   0.9|  0.0|INFORM|Using XSD semantics configuration file 'file:///C:/Program Files/FME2016.1/64/xml/gml_v3.2/gml_config.xml'.
2016-11-23 10:38:04|   1.0|  0.1|INFORM|FME Configuration: Destination coordinate system set to input coordinate system `EPSG:32633'
2016-11-23 10:38:04|   1.0|  0.0|INFORM|<GML_3 Writer> - Calculating dataset bounding box, please wait...
2016-11-23 10:38:04|   1.0|  0.0|INFORM|MULTI_WRITER: multi_writer_id `Transformert_GMLData.gml': Writing feature 0 
2016-11-23 10:38:04|   1.0|  0.0|INFORM|<GML_3 Writer> - Writing the GML document 'C:\DATA\GLA\Data\Transformert\Transformert_GMLData.gml'
2016-11-23 10:38:04|   1.0|  0.0|WARN  |<GML_3 Writer> - Feature collection needed, forcing 'FeatureCollection' from 'http://www.opengis.net/gml/3.2'
2016-11-23 10:38:04|   1.0|  0.0|INFORM|=-=-=-=-=-=-=-=-=-=-=-=-=-=-=-=-=-=-=-=-=-=-=-=-=-=-=-=-=-=-=-=-=-=-=-=-=-=-=-
2016-11-23 10:38:04|   1.0|  0.0|INFORM|Feature output statistics for `GML' writer using keyword `GML_3':
2016-11-23 10:38:04|   1.0|  0.0|STATS |=-=-=-=-=-=-=-=-=-=-=-=-=-=-=-=-=-=-=-=-=-=-=-=-=-=-=-=-=-=-=-=-=-=-=-=-=-=-=-
2016-11-23 10:38:04|   1.0|  0.0|STATS |                               Features Written
2016-11-23 10:38:04|   1.0|  0.0|STATS |=-=-=-=-=-=-=-=-=-=-=-=-=-=-=-=-=-=-=-=-=-=-=-=-=-=-=-=-=-=-=-=-=-=-=-=-=-=-=-
2016-11-23 10:38:04|   1.0|  0.0|STATS |Belysningspunkt                                                             16
2016-11-23 10:38:04|   1.0|  0.0|STATS |Belysningsstrekning                                                         14
2016-11-23 10:38:04|   1.0|  0.0|STATS |ElektriskAnlegg                                                              1
2016-11-23 10:38:04|   1.0|  0.0|STATS |Lysarmatur                                                                  15
2016-11-23 10:38:04|   1.0|  0.0|STATS |Lysmast                                                                     16
2016-11-23 10:38:04|   1.0|  0.0|STATS |Tennpunkt                                                                    1
2016-11-23 10:38:04|   1.0|  0.0|STATS |==============================================================================
2016-11-23 10:38:04|   1.0|  0.0|STATS |Total Features Written                                                      63
2016-11-23 10:38:04|   1.0|  0.0|STATS |=-=-=-=-=-=-=-=-=-=-=-=-=-=-=-=-=-=-=-=-=-=-=-=-=-=-=-=-=-=-=-=-=-=-=-=-=-=-=-
2016-11-23 10:38:04|   1.0|  0.0|INFORM|MULTI_WRITER: multi_writer_id `Transformert_GMLData.gml': done writing 63 feature(s) 
2016-11-23 10:38:04|   1.0|  0.0|INFORM|^^^^^^^^^^^^^^^^^^^^^^^^^^^^^^^^^^^^^^^^^^^^^^^^^^^^^^^^^^^^^^^^^^^^^^^^^^^^^^
2016-11-23 10:38:04|   1.0|  0.0|INFORM|=-=-=-=-=-=-=-=-=-=-=-=-=-=-=-=-=-=-=-=-=-=-=-=-=-=-=-=-=-=-=-=-=-=-=-=-=-=-=-
2016-11-23 10:38:04|   1.0|  0.0|INFORM|Feature output statistics for `MULTI_WRITER' writer using keyword `GML_3_FANOUT':
2016-11-23 10:38:04|   1.0|  0.0|STATS |=-=-=-=-=-=-=-=-=-=-=-=-=-=-=-=-=-=-=-=-=-=-=-=-=-=-=-=-=-=-=-=-=-=-=-=-=-=-=-
2016-11-23 10:38:04|   1.0|  0.0|STATS |                               Features Written
2016-11-23 10:38:04|   1.0|  0.0|STATS |=-=-=-=-=-=-=-=-=-=-=-=-=-=-=-=-=-=-=-=-=-=-=-=-=-=-=-=-=-=-=-=-=-=-=-=-=-=-=-
2016-11-23 10:38:04|   1.0|  0.0|STATS |Belysningspunkt                                                             31
2016-11-23 10:38:04|   1.0|  0.0|STATS |Belysningsstrekning                                                         17
2016-11-23 10:38:04|   1.0|  0.0|STATS |ElektriskAnlegg                                                              1
2016-11-23 10:38:04|   1.0|  0.0|STATS |Lysarmatur                                                                  15
2016-11-23 10:38:04|   1.0|  0.0|STATS |Lysmast                                                                     21
2016-11-23 10:38:04|   1.0|  0.0|STATS |Tennpunkt                                                                    1
2016-11-23 10:38:04|   1.0|  0.0|STATS |==============================================================================
2016-11-23 10:38:04|   1.0|  0.0|STATS |Total Features Written                                                      86
2016-11-23 10:38:04|   1.0|  0.0|STATS |=-=-=-=-=-=-=-=-=-=-=-=-=-=-=-=-=-=-=-=-=-=-=-=-=-=-=-=-=-=-=-=-=-=-=-=-=-=-=-
2016-11-23 10:38:04|   1.0|  0.0|STATS |=-=-=-=-=-=-=-=-=-=-=-=-=-=-=-=-=-=-=-=-=-=-=-=-=-=-=-=-=-=-=-=-=-=-=-=-=-=-=-
2016-11-23 10:38:04|   1.0|  0.0|STATS |                            Features Read Summary
2016-11-23 10:38:04|   1.0|  0.0|STATS |=-=-=-=-=-=-=-=-=-=-=-=-=-=-=-=-=-=-=-=-=-=-=-=-=-=-=-=-=-=-=-=-=-=-=-=-=-=-=-
2016-11-23 10:38:04|   1.0|  0.0|STATS |belysningspunkt                                                             31
2016-11-23 10:38:04|   1.0|  0.0|STATS |belysningsstrekning                                                         17
2016-11-23 10:38:04|   1.0|  0.0|STATS |elektriskanlegg                                                              1
2016-11-23 10:38:04|   1.0|  0.0|STATS |lysarmatur                                                                  15
2016-11-23 10:38:04|   1.0|  0.0|STATS |lysmast                                                                     21
2016-11-23 10:38:04|   1.0|  0.0|STATS |tennpunkt                                                                    1
2016-11-23 10:38:04|   1.0|  0.0|STATS |==============================================================================
2016-11-23 10:38:04|   1.0|  0.0|STATS |Total Features Read                                                         86
2016-11-23 10:38:04|   1.0|  0.0|STATS |=-=-=-=-=-=-=-=-=-=-=-=-=-=-=-=-=-=-=-=-=-=-=-=-=-=-=-=-=-=-=-=-=-=-=-=-=-=-=-
2016-11-23 10:38:04|   1.0|  0.0|STATS |=-=-=-=-=-=-=-=-=-=-=-=-=-=-=-=-=-=-=-=-=-=-=-=-=-=-=-=-=-=-=-=-=-=-=-=-=-=-=-
2016-11-23 10:38:04|   1.0|  0.0|STATS |                           Features Written Summary
2016-11-23 10:38:04|   1.0|  0.0|STATS |=-=-=-=-=-=-=-=-=-=-=-=-=-=-=-=-=-=-=-=-=-=-=-=-=-=-=-=-=-=-=-=-=-=-=-=-=-=-=-
2016-11-23 10:38:04|   1.0|  0.0|STATS |Belysningspunkt                                                             31
2016-11-23 10:38:04|   1.0|  0.0|STATS |Belysningsstrekning                                                         17
2016-11-23 10:38:04|   1.0|  0.0|STATS |ElektriskAnlegg                                                              1
2016-11-23 10:38:04|   1.0|  0.0|STATS |Lysarmatur                                                                  15
2016-11-23 10:38:04|   1.0|  0.0|STATS |Lysmast                                                                     21
2016-11-23 10:38:04|   1.0|  0.0|STATS |Tennpunkt                                                                    1
2016-11-23 10:38:04|   1.0|  0.0|STATS |==============================================================================
2016-11-23 10:38:04|   1.0|  0.0|STATS |Total Features Written                                                      86
2016-11-23 10:38:04|   1.0|  0.0|STATS |=-=-=-=-=-=-=-=-=-=-=-=-=-=-=-=-=-=-=-=-=-=-=-=-=-=-=-=-=-=-=-=-=-=-=-=-=-=-=-
2016-11-23 10:38:04|   1.0|  0.0|INFORM|Translation was SUCCESSFUL with 2 warning(s) (86 feature(s) output)
2016-11-23 10:38:04|   1.0|  0.0|INFORM|FME Session Duration: 1.3 seconds. (CPU: 0.7s user, 0.2s system)
2016-11-23 10:38:04|   1.0|  0.0|INFORM|END - ProcessID: 11512, peak process memory usage: 121132 kB, current process memory usage: 101084 kB
