2018-07-13 15:15:42|   0.3|  0.3|INFORM|FME 2018.0.1.0 (20180518 - Build 18310 - WIN64)
2018-07-13 15:15:42|   0.3|  0.0|INFORM|FME_HOME is 'C:\Program Files\FME\'
2018-07-13 15:15:42|   0.3|  0.0|INFORM|FME Desktop ESRI Edition (floating)
2018-07-13 15:15:42|   0.3|  0.0|INFORM|Permanent License.
2018-07-13 15:15:42|   0.3|  0.0|INFORM|Machine host name is: SVV-58758
2018-07-13 15:15:42|   0.3|  0.0|INFORM|START - ProcessID: 10900, peak process memory usage: 44316 kB, current process memory usage: 44316 kB
2018-07-13 15:15:42|   0.3|  0.0|INFORM|FME Configuration: Command line arguments are `C:\Program Files\FME\fme.exe' `C:/DATA/GitHub/GLA/FMW/NVDBAPI2GML_V2_2017.fmw' `--ftID' `481' `--omr' `kommune' `--omrNvn' `501' `--gmlFolder' `C:\DATA\GitHub\GLA\Data' `--dwnlAssObj' `Nei'
2018-07-13 15:15:42|   0.3|  0.0|INFORM|FME Configuration: Connection Storage: 'C:\Users\knjetl\AppData\Roaming\Safe Software\FME\'
2018-07-13 15:15:42|   0.4|  0.1|INFORM|Shared folders for formats are : C:\Program Files\FME\datasources;\\SVV1P04AUSER01\KNJETL$\documents\FME\Formats
2018-07-13 15:15:42|   0.4|  0.0|INFORM|Shared folders for transformers are : C:\Users\knjetl\AppData\Roaming\Safe Software\FME\Packages\18310-win64\transformers;C:\Program Files\FME\transformers;\\SVV1P04AUSER01\KNJETL$\documents\FME\Transformers;C:\Users\knjetl\AppData\Roaming\Safe Software\FME\FME Store\Transformers
2018-07-13 15:15:42|   0.4|  0.0|INFORM|Shared folders for coordinate systems are : \\SVV1P04AUSER01\KNJETL$\documents\FME\CoordinateSystems
2018-07-13 15:15:42|   0.4|  0.0|INFORM|Shared folders for coordinate system exceptions are : \\SVV1P04AUSER01\KNJETL$\documents\FME\CoordinateSystemExceptions
2018-07-13 15:15:42|   0.4|  0.0|INFORM|Shared folders for coordinate system grid overrides are : \\SVV1P04AUSER01\KNJETL$\documents\FME\CoordinateSystemGridOverrides
2018-07-13 15:15:42|   0.4|  0.0|INFORM|Shared folders for CS-MAP transformation exceptions are : \\SVV1P04AUSER01\KNJETL$\documents\FME\CsmapTransformationExceptions
2018-07-13 15:15:42|   0.4|  0.0|INFORM|Shared folders for transformer categories are : \\SVV1P04AUSER01\KNJETL$\documents\FME\TransformerCategories
2018-07-13 15:15:42|   0.4|  0.0|INFORM|FME Configuration: Reader Keyword is `NULL_SOURCE'
2018-07-13 15:15:42|   0.4|  0.0|INFORM|FME Configuration: Writer Keyword is `MULTI_WRITER'
2018-07-13 15:15:42|   0.4|  0.0|INFORM|FME Configuration: Writer Group Definition Keyword is `MULTI_WRITER_DEF'
2018-07-13 15:15:42|   0.4|  0.0|INFORM|FME Configuration: Reader type is `NULL'
2018-07-13 15:15:42|   0.4|  0.0|INFORM|FME Configuration: Writer type is `MULTI_WRITER'
2018-07-13 15:15:42|   0.4|  0.0|INFORM|FME Configuration: No destination coordinate system set
2018-07-13 15:15:42|   0.4|  0.0|INFORM|FME Configuration: Current working folder is `C:\DATA\GitHub\GLA\FMW'
2018-07-13 15:15:42|   0.4|  0.0|INFORM|FME Configuration: Temporary folder is `C:\Users\knjetl\AppData\Local\Temp', set from environment variable `TEMP'
2018-07-13 15:15:42|   0.4|  0.0|INFORM|FME Configuration: FME_HOME is `C:\Program Files\FME\'
2018-07-13 15:15:42|   0.4|  0.0|INFORM|FME Configuration: FME_BASE is 'no'
2018-07-13 15:15:42|   0.4|  0.0|INFORM|FME Configuration: FME_MF_DIR is 'C:\DATA\GitHub\GLA\FMW/'
2018-07-13 15:15:42|   0.4|  0.0|INFORM|FME Configuration: FME_MF_NAME is 'NVDBAPI2GML_V2_2017.fmw'
2018-07-13 15:15:42|   0.4|  0.0|INFORM|FME Configuration: FME_PRODUCT_NAME is 'FME(R) 2018.0.1.0'
2018-07-13 15:15:42|   0.4|  0.0|INFORM|System Status: 248.22 GB of disk space available in the FME temporary folder (C:\Users\knjetl\AppData\Local\Temp)
2018-07-13 15:15:42|   0.4|  0.0|INFORM|System Status: 8.00 TB of virtual memory available
2018-07-13 15:15:42|   0.4|  0.0|INFORM|Operating System: Microsoft Windows 7 64-bit Service Pack 1 (Build 7601)
2018-07-13 15:15:42|   0.4|  0.0|INFORM|FME Platform: WIN64
2018-07-13 15:15:42|   0.4|  0.0|INFORM|Locale: nb_NO
2018-07-13 15:15:42|   0.4|  0.0|INFORM|Code Page: 1252  (ANSI - latin I)
2018-07-13 15:15:42|   0.4|  0.0|INFORM|FME Configuration: Process limit is 31.83 GB of physical memory
2018-07-13 15:15:42|   0.4|  0.0|INFORM|FME Configuration: Start freeing memory when process usage exceeds 95.50 GB of virtual memory
2018-07-13 15:15:42|   0.4|  0.0|INFORM|FME Configuration: Stop freeing memory when process usage is below 71.63 GB of virtual memory
2018-07-13 15:15:42|   0.4|  0.0|INFORM|Creating writer for format: 
2018-07-13 15:15:42|   0.4|  0.0|INFORM|Creating reader for format: NULL (Nothing)
2018-07-13 15:15:42|   0.4|  0.0|INFORM|Trying to find a DYNAMIC plugin for reader named `NULL'
2018-07-13 15:15:42|   0.4|  0.0|INFORM|Loaded module 'NULL' from file 'C:\Program Files\FME\plugins/NULL.dll'
2018-07-13 15:15:42|   0.4|  0.0|INFORM|FME API version of module 'NULL' matches current internal version (3.8 20180209)
2018-07-13 15:15:42|   0.4|  0.0|INFORM|Using MultiWriter with keyword `MULTI_WRITER' to output data (ID_ATTRIBUTE is `multi_writer_id')
2018-07-13 15:15:42|   0.4|  0.0|INFORM|Writer output will be ordered by value of multi_writer_id
2018-07-13 15:15:42|   0.4|  0.0|INFORM|Loaded module 'Geometry_func' from file 'C:\Program Files\FME\plugins/Geometry_func.dll'
2018-07-13 15:15:42|   0.4|  0.0|INFORM|FME API version of module 'Geometry_func' matches current internal version (3.8 20180209)
2018-07-13 15:15:42|   0.4|  0.0|INFORM|Loaded module 'HTTPFactory' from file 'C:\Program Files\FME\plugins/HTTPFactory.dll'
2018-07-13 15:15:42|   0.4|  0.0|INFORM|FME API version of module 'HTTPFactory' matches current internal version (3.8 20180209)
2018-07-13 15:15:43|   0.4|  0.0|INFORM|Loaded module 'XFMapFactory' from file 'C:\Program Files\FME\plugins/XFMapFactory.dll'
2018-07-13 15:15:43|   0.4|  0.0|INFORM|FME API version of module 'XFMapFactory' matches current internal version (3.8 20180209)
2018-07-13 15:15:43|   0.4|  0.0|INFORM|Loaded module 'PythonFactory' from file 'C:\Program Files\FME\plugins/PythonFactory.dll'
2018-07-13 15:15:43|   0.4|  0.0|INFORM|FME API version of module 'PythonFactory' matches current internal version (3.8 20180209)
2018-07-13 15:15:43|   0.4|  0.0|INFORM|Adding folder `C:\DATA\GitHub\GLA\FMW\' to the python path
2018-07-13 15:15:43|   0.4|  0.0|INFORM|Loaded module 'OGCGeometry_func' from file 'C:\Program Files\FME\plugins/OGCGeometry_func.dll'
2018-07-13 15:15:43|   0.4|  0.0|INFORM|FME API version of module 'OGCGeometry_func' matches current internal version (3.8 20180209)
2018-07-13 15:15:43|   0.4|  0.0|INFORM|FME API version of module 'XFMapFactory' matches current internal version (3.8 20180209)
2018-07-13 15:15:43|   0.4|  0.0|INFORM|Loaded module 'JoinFactory' from file 'C:\Program Files\FME\plugins/JoinFactory.dll'
2018-07-13 15:15:43|   0.4|  0.0|INFORM|FME API version of module 'JoinFactory' matches current internal version (3.8 20180209)
2018-07-13 15:15:43|   0.4|  0.0|INFORM|FME API version of module 'PythonFactory' matches current internal version (3.8 20180209)
2018-07-13 15:15:43|   0.4|  0.0|INFORM|Loaded module 'DuplicateRemoverFactory' from file 'C:\Program Files\FME\plugins/DuplicateRemoverFactory.dll'
2018-07-13 15:15:43|   0.4|  0.0|INFORM|FME API version of module 'DuplicateRemoverFactory' matches current internal version (3.8 20180209)
2018-07-13 15:15:43|   0.4|  0.0|INFORM|FME API version of module 'HTTPFactory' matches current internal version (3.8 20180209)
2018-07-13 15:15:43|   0.4|  0.0|INFORM|FME API version of module 'XFMapFactory' matches current internal version (3.8 20180209)
2018-07-13 15:15:43|   0.4|  0.0|INFORM|FME API version of module 'PythonFactory' matches current internal version (3.8 20180209)
2018-07-13 15:15:43|   0.4|  0.0|INFORM|FME API version of module 'XFMapFactory' matches current internal version (3.8 20180209)
2018-07-13 15:15:43|   0.4|  0.0|INFORM|FME API version of module 'JoinFactory' matches current internal version (3.8 20180209)
2018-07-13 15:15:43|   0.4|  0.0|INFORM|FME API version of module 'PythonFactory' matches current internal version (3.8 20180209)
2018-07-13 15:15:43|   0.4|  0.0|INFORM|Loaded module 'GQueryFactory' from file 'C:\Program Files\FME\plugins/GQueryFactory.dll'
2018-07-13 15:15:43|   0.4|  0.0|INFORM|FME API version of module 'GQueryFactory' matches current internal version (3.8 20180209)
2018-07-13 15:15:43|   0.4|  0.0|INFORM|... Last line repeated 2 times ...
2018-07-13 15:15:43|   0.4|  0.0|INFORM|Emptying factory pipeline
2018-07-13 15:15:43|   0.4|  0.0|INFORM|NVDB_Leser_HTTPCaller_2(HTTPFactory): HTTP/FTP Transfer: Downloading resource 'https://www.vegvesen.no/nvdb/api/v2/vegobjekter/481?kommune=501&antall=5000&inkluder=alle' to internal memory buffer
2018-07-13 15:15:43|   0.4|  0.0|INFORM|NVDB_Leser_HTTPCaller_2(HTTPFactory): HTTP transfer summary - status code: 200, download size: '8205 bytes', DNS lookup time: '0.015 seconds', total transfer time: '0.047 seconds', url: 'https://www.vegvesen.no/nvdb/api/v2/vegobjekter/481?kommune=501&antall=5000&inkluder=alle'
2018-07-13 15:15:43|   0.4|  0.0|INFORM|FME Configuration: Using FME Reprojection Engine
2018-07-13 15:15:43|   0.5|  0.0|INFORM|NVDB_Leser_HTTPCaller_2(HTTPFactory): HTTP/FTP Transfer: Downloading resource 'https://www.vegvesen.no/nvdb/api/v2/vegobjekter/481?kommune=501&antall=5000&start=iVce6hdJirDc&inkluder=alle' to internal memory buffer
2018-07-13 15:15:43|   0.5|  0.0|INFORM|NVDB_Leser_HTTPCaller_2(HTTPFactory): HTTP transfer summary - status code: 200, download size: '282 bytes', DNS lookup time: '1e-6 seconds', total transfer time: '0.094 seconds', url: 'https://www.vegvesen.no/nvdb/api/v2/vegobjekter/481?kommune=501&antall=5000&start=iVce6hdJirDc&inkluder=alle'
2018-07-13 15:15:43|   0.5|  0.0|STATS |Creator_XML_Creator(CreationFactory): Created 1 features
2018-07-13 15:15:43|   0.5|  0.0|STATS |Creator_Cloner(TeeFactory): Cloned 1 input feature(s) into 1 output feature(s)
2018-07-13 15:15:43|   0.5|  0.0|STATS |Creator_CREATED Brancher -1 93(BranchingFactory): Branched 1 input feature -- 1 feature routed to the target factory, and 0 features routed to the fallback factory.
2018-07-13 15:15:43|   0.5|  0.0|STATS |_CREATOR_BRANCH_TARGET(TeeFactory): Cloned 1 input feature(s) into 1 output feature(s)
2018-07-13 15:15:43|   0.5|  0.0|STATS |NVDB_Leser _Input Input Collector(TeeFactory): Cloned 1 input feature(s) into 1 output feature(s)
2018-07-13 15:15:43|   0.5|  0.0|STATS |NVDB_Leser__Input1491292837 Input Splitter(TeeFactory): Cloned 1 input feature(s) into 1 output feature(s)
2018-07-13 15:15:43|   0.5|  0.0|STATS |NVDB_Leser_Loop1491292837 Input Splitter(TeeFactory): Cloned 1 input feature(s) into 1 output feature(s)
2018-07-13 15:15:43|   0.5|  0.0|STATS |NVDB_Leser_HTTPCaller_2 Output Splitter(TeeFactory): Cloned 2 input feature(s) into 4 output feature(s)
2018-07-13 15:15:43|   0.5|  0.0|STATS |NVDB_Leser_HTTPCaller_2 <Rejected> Output Nuker(TeeFactory): Cloned 0 input feature(s) into 0 output feature(s)
2018-07-13 15:15:43|   0.5|  0.0|INFORM|NVDB_Leser_XMLFragmenter(XFMapFactory): Total Results: 3 Mapped Feature(s), 2 Input Feature(s), and 1 Invalid input Feature(s)
2018-07-13 15:15:43|   0.5|  0.0|INFORM|Optional `close' method not present; not called
2018-07-13 15:15:43|   0.5|  0.0|STATS |NVDB_Leser_GeometryReplacer(TeeFactory): Cloned 3 input feature(s) into 3 output feature(s)
2018-07-13 15:15:43|   0.5|  0.0|STATS |NVDB_Leser_GeometryReplacer_Rejector(TestFactory): Tested 3 input feature(s) -- 0 feature(s) passed and 3 feature(s) failed
2018-07-13 15:15:43|   0.5|  0.0|STATS |NVDB_Leser_GeometryReplacer OUTPUT Splitter(TeeFactory): Cloned 3 input feature(s) into 9 output feature(s)
2018-07-13 15:15:43|   0.5|  0.0|STATS |NVDB_Leser_CoordinateSystemSetter (Disabled) Nuker(TeeFactory): Cloned 3 input feature(s) into 0 output feature(s)
2018-07-13 15:15:43|   0.5|  0.0|STATS |NVDB_Leser_CoordinateSystemSetter_2 (Disabled) Nuker(TeeFactory): Cloned 3 input feature(s) into 0 output feature(s)
2018-07-13 15:15:43|   0.5|  0.0|STATS |NVDB_Leser_3DForcer(TeeFactory): Cloned 3 input feature(s) into 3 output feature(s)
2018-07-13 15:15:43|   0.5|  0.0|STATS |NVDB_Leser_3DForcer_Rejector(TestFactory): Tested 3 input feature(s) -- 0 feature(s) passed and 3 feature(s) failed
2018-07-13 15:15:43|   0.5|  0.0|STATS |NVDB_Leser_CoordinateSystemSetter_3(TeeFactory): Cloned 3 input feature(s) into 3 output feature(s)
2018-07-13 15:15:43|   0.5|  0.0|STATS |NVDB_Leser_Deaggregator(DeaggregateFactory): Split 3 input feature(s) into 0 point-in-polygon feature(s), 0 donut polygon(s), 0 polygon(s), 0 line(s), 3 point(s), and 0 aggregate(s)
2018-07-13 15:15:43|   0.5|  0.0|STATS |NVDB_Leser_Deaggregator(DeaggregateFactory): 3 non-aggregate input features were routed through the factory
2018-07-13 15:15:43|   0.5|  0.0|STATS |NVDB_Leser_NullAttributeMapper(TeeFactory): Cloned 3 input feature(s) into 3 output feature(s)
2018-07-13 15:15:43|   0.5|  0.0|STATS |NVDB_Leser_StringConcatenator(TeeFactory): Cloned 3 input feature(s) into 3 output feature(s)
2018-07-13 15:15:43|   0.5|  0.0|INFORM|NVDB_Leser_XMLFragmenter_2(XFMapFactory): Total Results: 2 Mapped Feature(s), 2 Input Feature(s), and 0 Invalid input Feature(s)
2018-07-13 15:15:43|   0.5|  0.0|STATS |NVDB_Leser_TestFilter(TeeFactory): Cloned 2 input feature(s) into 2 output feature(s)
2018-07-13 15:15:43|   0.5|  0.0|STATS |NVDB_Leser_TestFilter_TestFactory_0(TestFactory): Tested 2 input feature(s) -- 1 feature(s) passed and 1 feature(s) failed
2018-07-13 15:15:43|   0.5|  0.0|STATS |NVDB_Leser_TestFilter_<lt>UNFILTERED<gt>(TeeFactory): Cloned 1 input feature(s) into 1 output feature(s)
2018-07-13 15:15:43|   0.5|  0.0|STATS |NVDB_Leser_TestFilter <lt>UNFILTERED<gt> Output Nuker(TeeFactory): Cloned 1 input feature(s) into 0 output feature(s)
2018-07-13 15:15:43|   0.5|  0.0|STATS |Loop to NVDB_Leser_Loop1491292837 Input Splitter(BranchingFactory): Branched 1 input feature -- 1 feature routed to the target factory, and 0 features routed to the fallback factory.
2018-07-13 15:15:43|   0.5|  0.0|STATS |NVDB_Leser_Output1491292837 Output Collector(TeeFactory): Cloned 3 input feature(s) into 3 output feature(s)
2018-07-13 15:15:43|   0.5|  0.0|STATS |NVDB_Leser Output Output Renamer/Nuker(TeeFactory): Cloned 3 input feature(s) into 3 output feature(s)
2018-07-13 15:15:43|   0.5|  0.0|STATS |NVDB_Leser Output Splitter(TeeFactory): Cloned 3 input feature(s) into 6 output feature(s)
2018-07-13 15:15:43|   0.5|  0.0|STATS |ListExploder(ElementFactory): Split out 0 list elements from 3 input features, using mode CLASSIC
2018-07-13 15:15:43|   0.5|  0.0|STATS |ListExploder ELEMENTS Splitter(TeeFactory): Cloned 0 input feature(s) into 0 output feature(s)
2018-07-13 15:15:43|   0.5|  0.0|STATS |AttributeKeeper_2(TeeFactory): Cloned 0 input feature(s) into 0 output feature(s)
2018-07-13 15:15:43|   0.5|  0.0|STATS |StringConcatenator(TeeFactory): Cloned 0 input feature(s) into 0 output feature(s)
2018-07-13 15:15:43|   0.5|  0.0|STATS |ListBuilder_fme_type_remover(TeeFactory): Cloned 0 input feature(s) into 0 output feature(s)
2018-07-13 15:15:43|   0.5|  0.0|STATS |ListBuilder(ListFactory): Combined 0 input feature(s) into 0 output feature(s), including 0 singleton(s)
2018-07-13 15:15:43|   0.5|  0.0|INFORM|Optional `close' method not present; not called
2018-07-13 15:15:43|   0.5|  0.0|STATS |AttributeRemover_2(TeeFactory): Cloned 0 input feature(s) into 0 output feature(s)
2018-07-13 15:15:43|   0.5|  0.0|INFORM|Potentially retrieving dataset 'https://raw.githubusercontent.com/jetgeo/NVDBGML/master/XSD/NVDB_enMapping.csv' for reader R_1
2018-07-13 15:15:43|   0.5|  0.0|INFORM|Retrieved file C:\Users\knjetl\AppData\Local\Temp\FME_TempFileStore_1531487743484_10900\NVDB_enMapping.csv for reader R_1
2018-07-13 15:15:43|   0.5|  0.0|INFORM|Creating reader for format: CSV (Comma Separated Value) (replaced by CSV2)
2018-07-13 15:15:43|   0.6|  0.0|INFORM|Trying to find a DYNAMIC plugin for reader named `CSV'
2018-07-13 15:15:43|   0.6|  0.0|INFORM|Loaded module 'CSV' from file 'C:\Program Files\FME\plugins/CSV.dll'
2018-07-13 15:15:43|   0.6|  0.0|INFORM|FME API version of module 'CSV' matches current internal version (3.8 20180209)
2018-07-13 15:15:43|   0.6|  0.0|INFORM|CSV Reader: Opening CSV files in folder `C:\Users\knjetl\AppData\Local\Temp\FME_TempFileStore_1531487743484_10900\'
2018-07-13 15:15:43|   0.6|  0.0|INFORM|CSV Reader: Separator Character: ';'
2018-07-13 15:15:43|   0.6|  0.0|INFORM|CSV Reader: Skip Duplicate Delimiters: no
2018-07-13 15:15:43|   0.6|  0.0|INFORM|CSV Reader: Strip Quotes From Fields: yes
2018-07-13 15:15:43|   0.6|  0.0|INFORM|CSV Reader: File Has Field Names: yes
2018-07-13 15:15:43|   0.6|  0.0|INFORM|CSV Reader: Field Names Follow Header: no
2018-07-13 15:15:43|   0.6|  0.0|INFORM|CSV Reader: Number of Lines to Skip: 1
2018-07-13 15:15:43|   0.6|  0.0|INFORM|CSV Reader: Number of Footer Lines to Skip: 0
2018-07-13 15:15:43|   0.6|  0.0|INFORM|CSV Reader: Encoding name ''
2018-07-13 15:15:43|   0.6|  0.0|INFORM|CSV Reader: Allowing Spaces in Column Names: yes
2018-07-13 15:15:43|   0.6|  0.0|INFORM|CSV Reader: Max features to scan for schema: 1000
2018-07-13 15:15:43|   0.6|  0.0|INFORM|CSV Reader: Feature type names from file names: no
2018-07-13 15:15:43|   0.6|  0.0|INFORM|CSV Reader: Opening dataset 'C:\Users\knjetl\AppData\Local\Temp\FME_TempFileStore_1531487743484_10900\NVDB_enMapping.csv'
2018-07-13 15:15:43|   0.6|  0.0|INFORM|Creating reader for format: Tabular Data
2018-07-13 15:15:43|   0.6|  0.0|INFORM|Using Tabular Reader to read files from folder `C:\Users\knjetl\AppData\Local\Temp\FME_TempFileStore_1531487743484_10900'
2018-07-13 15:15:43|   0.6|  0.0|INFORM|Stripping quotes around fields in CSV File `C:\Users\knjetl\AppData\Local\Temp\FME_TempFileStore_1531487743484_10900\NVDB_enMapping.csv'
2018-07-13 15:15:43|   0.6|  0.0|INFORM|Opened Separated Value File C:\Users\knjetl\AppData\Local\Temp\FME_TempFileStore_1531487743484_10900\NVDB_enMapping.csv for input with delimiter `;'
2018-07-13 15:15:43|   0.6|  0.0|INFORM|Skipped line `ptid;enid;name;fullname' in CSV File `C:\Users\knjetl\AppData\Local\Temp\FME_TempFileStore_1531487743484_10900\NVDB_enMapping.csv'
2018-07-13 15:15:43|   0.7|  0.1|INFORM|CSV Reader: Closing dataset 'C:\Users\knjetl\AppData\Local\Temp\FME_TempFileStore_1531487743484_10900\NVDB_enMapping.csv'
2018-07-13 15:15:43|   0.7|  0.0|INFORM|CSV Reader: Done reading CSV files in folder `C:\Users\knjetl\AppData\Local\Temp\FME_TempFileStore_1531487743484_10900\'
2018-07-13 15:15:43|   0.8|  0.0|INFORM|Potentially retrieving dataset 'https://raw.githubusercontent.com/jetgeo/NVDBGML/master/XSD/NVDB_ptMapping.csv' for reader R_3
2018-07-13 15:15:44|   0.8|  0.0|INFORM|Retrieved file C:\Users\knjetl\AppData\Local\Temp\FME_TempFileStore_1531487743957_10900\NVDB_ptMapping.csv for reader R_3
2018-07-13 15:15:44|   0.8|  0.0|INFORM|Creating reader for format: CSV (Comma Separated Value) (replaced by CSV2)
2018-07-13 15:15:44|   0.8|  0.0|INFORM|Trying to find a DYNAMIC plugin for reader named `CSV'
2018-07-13 15:15:44|   0.8|  0.0|INFORM|FME API version of module 'CSV' matches current internal version (3.8 20180209)
2018-07-13 15:15:44|   0.8|  0.0|INFORM|CSV Reader: Opening CSV files in folder `C:\Users\knjetl\AppData\Local\Temp\FME_TempFileStore_1531487743957_10900\'
2018-07-13 15:15:44|   0.8|  0.0|INFORM|CSV Reader: Separator Character: ';'
2018-07-13 15:15:44|   0.8|  0.0|INFORM|CSV Reader: Skip Duplicate Delimiters: no
2018-07-13 15:15:44|   0.8|  0.0|INFORM|CSV Reader: Strip Quotes From Fields: yes
2018-07-13 15:15:44|   0.8|  0.0|INFORM|CSV Reader: File Has Field Names: yes
2018-07-13 15:15:44|   0.8|  0.0|INFORM|CSV Reader: Field Names Follow Header: no
2018-07-13 15:15:44|   0.8|  0.0|INFORM|CSV Reader: Number of Lines to Skip: 1
2018-07-13 15:15:44|   0.8|  0.0|INFORM|CSV Reader: Number of Footer Lines to Skip: 0
2018-07-13 15:15:44|   0.8|  0.0|INFORM|CSV Reader: Encoding name ''
2018-07-13 15:15:44|   0.8|  0.0|INFORM|CSV Reader: Allowing Spaces in Column Names: yes
2018-07-13 15:15:44|   0.8|  0.0|INFORM|CSV Reader: Max features to scan for schema: 1000
2018-07-13 15:15:44|   0.8|  0.0|INFORM|CSV Reader: Feature type names from file names: no
2018-07-13 15:15:44|   0.8|  0.0|INFORM|CSV Reader: Opening dataset 'C:\Users\knjetl\AppData\Local\Temp\FME_TempFileStore_1531487743957_10900\NVDB_ptMapping.csv'
2018-07-13 15:15:44|   0.8|  0.0|INFORM|Creating reader for format: Tabular Data
2018-07-13 15:15:44|   0.8|  0.0|INFORM|Using Tabular Reader to read files from folder `C:\Users\knjetl\AppData\Local\Temp\FME_TempFileStore_1531487743957_10900'
2018-07-13 15:15:44|   0.8|  0.0|INFORM|Stripping quotes around fields in CSV File `C:\Users\knjetl\AppData\Local\Temp\FME_TempFileStore_1531487743957_10900\NVDB_ptMapping.csv'
2018-07-13 15:15:44|   0.8|  0.0|INFORM|Opened Separated Value File C:\Users\knjetl\AppData\Local\Temp\FME_TempFileStore_1531487743957_10900\NVDB_ptMapping.csv for input with delimiter `;'
2018-07-13 15:15:44|   0.8|  0.0|INFORM|Skipped line `ft_attr;ftid;ptid;name' in CSV File `C:\Users\knjetl\AppData\Local\Temp\FME_TempFileStore_1531487743957_10900\NVDB_ptMapping.csv'
2018-07-13 15:15:44|   0.9|  0.1|INFORM|CSV Reader: Closing dataset 'C:\Users\knjetl\AppData\Local\Temp\FME_TempFileStore_1531487743957_10900\NVDB_ptMapping.csv'
2018-07-13 15:15:44|   0.9|  0.0|INFORM|CSV Reader: Done reading CSV files in folder `C:\Users\knjetl\AppData\Local\Temp\FME_TempFileStore_1531487743957_10900\'
2018-07-13 15:15:44|   0.9|  0.0|INFORM|Potentially retrieving dataset 'https://raw.githubusercontent.com/jetgeo/NVDBGML/master/XSD/NVDB_ftMapping.csv' for reader R_5
2018-07-13 15:15:44|   0.9|  0.0|INFORM|Retrieved file C:\Users\knjetl\AppData\Local\Temp\FME_TempFileStore_1531487744179_10900\NVDB_ftMapping.csv for reader R_5
2018-07-13 15:15:44|   0.9|  0.0|INFORM|Creating reader for format: CSV (Comma Separated Value) (replaced by CSV2)
2018-07-13 15:15:44|   0.9|  0.0|INFORM|Trying to find a DYNAMIC plugin for reader named `CSV'
2018-07-13 15:15:44|   0.9|  0.0|INFORM|FME API version of module 'CSV' matches current internal version (3.8 20180209)
2018-07-13 15:15:44|   0.9|  0.0|INFORM|CSV Reader: Opening CSV files in folder `C:\Users\knjetl\AppData\Local\Temp\FME_TempFileStore_1531487744179_10900\'
2018-07-13 15:15:44|   0.9|  0.0|INFORM|CSV Reader: Separator Character: ';'
2018-07-13 15:15:44|   0.9|  0.0|INFORM|CSV Reader: Skip Duplicate Delimiters: no
2018-07-13 15:15:44|   0.9|  0.0|INFORM|CSV Reader: Strip Quotes From Fields: yes
2018-07-13 15:15:44|   0.9|  0.0|INFORM|CSV Reader: File Has Field Names: yes
2018-07-13 15:15:44|   0.9|  0.0|INFORM|CSV Reader: Field Names Follow Header: no
2018-07-13 15:15:44|   0.9|  0.0|INFORM|CSV Reader: Number of Lines to Skip: 1
2018-07-13 15:15:44|   0.9|  0.0|INFORM|CSV Reader: Number of Footer Lines to Skip: 0
2018-07-13 15:15:44|   0.9|  0.0|INFORM|CSV Reader: Encoding name ''
2018-07-13 15:15:44|   0.9|  0.0|INFORM|CSV Reader: Allowing Spaces in Column Names: yes
2018-07-13 15:15:44|   0.9|  0.0|INFORM|CSV Reader: Max features to scan for schema: 1000
2018-07-13 15:15:44|   0.9|  0.0|INFORM|CSV Reader: Feature type names from file names: no
2018-07-13 15:15:44|   0.9|  0.0|INFORM|CSV Reader: Opening dataset 'C:\Users\knjetl\AppData\Local\Temp\FME_TempFileStore_1531487744179_10900\NVDB_ftMapping.csv'
2018-07-13 15:15:44|   0.9|  0.0|INFORM|Creating reader for format: Tabular Data
2018-07-13 15:15:44|   0.9|  0.0|INFORM|Using Tabular Reader to read files from folder `C:\Users\knjetl\AppData\Local\Temp\FME_TempFileStore_1531487744179_10900'
2018-07-13 15:15:44|   0.9|  0.0|INFORM|Stripping quotes around fields in CSV File `C:\Users\knjetl\AppData\Local\Temp\FME_TempFileStore_1531487744179_10900\NVDB_ftMapping.csv'
2018-07-13 15:15:44|   0.9|  0.0|INFORM|Opened Separated Value File C:\Users\knjetl\AppData\Local\Temp\FME_TempFileStore_1531487744179_10900\NVDB_ftMapping.csv for input with delimiter `;'
2018-07-13 15:15:44|   0.9|  0.0|INFORM|Skipped line `ftid;name' in CSV File `C:\Users\knjetl\AppData\Local\Temp\FME_TempFileStore_1531487744179_10900\NVDB_ftMapping.csv'
2018-07-13 15:15:44|   0.9|  0.0|INFORM|CSV Reader: Closing dataset 'C:\Users\knjetl\AppData\Local\Temp\FME_TempFileStore_1531487744179_10900\NVDB_ftMapping.csv'
2018-07-13 15:15:44|   0.9|  0.0|INFORM|CSV Reader: Done reading CSV files in folder `C:\Users\knjetl\AppData\Local\Temp\FME_TempFileStore_1531487744179_10900\'
2018-07-13 15:15:44|   1.1|  0.1|INFORM|Creating writer for format: 
2018-07-13 15:15:44|   1.1|  0.0|INFORM|FME Configuration: No destination coordinate system set
2018-07-13 15:15:44|   1.1|  0.0|INFORM|Using MultiWriter with keyword `GML_1_FANOUT' to output data (ID_ATTRIBUTE is `multi_writer_id')
2018-07-13 15:15:44|   1.1|  0.0|INFORM|Writer output will be ordered by input dataset ordering
2018-07-13 15:15:44|   1.1|  0.0|INFORM|Writer `GML_1_FANOUT' of type `MULTI_WRITER' using group definition keyword `MULTI_WRITER_DEF'
2018-07-13 15:15:44|   1.1|  0.1|INFORM|Creating writer for format: GML (Geography Markup Language)
2018-07-13 15:15:44|   1.2|  0.1|INFORM|Trying to find a DYNAMIC plugin for writer named `GML'
2018-07-13 15:15:44|   1.2|  0.0|INFORM|Loaded module 'GML' from file 'C:\Program Files\FME\plugins/GML.dll'
2018-07-13 15:15:44|   1.2|  0.0|INFORM|FME API version of module 'GML' matches current internal version (3.8 20180209)
2018-07-13 15:15:44|   1.2|  0.0|INFORM|FME Configuration: No destination coordinate system set
2018-07-13 15:15:44|   1.2|  0.0|INFORM|FME API version of module 'GML' matches current internal version (3.8 20180209)
2018-07-13 15:15:44|   1.2|  0.0|INFORM|Writer `GML_1' of type `GML' using group definition keyword `GML_1_DEF'
2018-07-13 15:15:44|   1.2|  0.0|INFORM|FME API version of module 'GML' matches current internal version (3.8 20180209)
2018-07-13 15:15:44|   1.2|  0.0|INFORM|<GML_1 Writer> - Using GML 'GENERIC_APPLICATION_SCHEMA' profile writer
2018-07-13 15:15:44|   1.2|  0.0|INFORM|FME Configuration: Destination coordinate system set to input coordinate system `EPSG:6173'
2018-07-13 15:15:45|   1.5|  0.3|INFORM|<GML_1 Writer> - Calculating dataset bounding box, please wait...
2018-07-13 15:15:45|   1.5|  0.0|INFORM|Predefined coordinate system `ETRS89.UTM-33N' (Transverse Mercator (ETRS89-TM33)) matches dataset coordinate system 
2018-07-13 15:15:45|   1.5|  0.0|INFORM|The EPSG number of the FME coordinate system 'ETRS89.UTM-33N' is '6173'
2018-07-13 15:15:45|   1.5|  0.0|STATS |FeatureMerger_3(ReferenceFactory): Total Results: 0 Complete Feature(s), 3 Incomplete Feature(s), 0 Referenced Feature(s), 0 Unreferenced Feature(s), 0 Referencer Feature(s) (NO REFERENCES), 0 Referencee Feature(s) (NO Referencee fields defined), and 0 Duplicate Referencee Feature(s)
2018-07-13 15:15:45|   1.5|  0.0|STATS |FeatureMerger_3_NOT_MERGED_-__SchemaMapper(TeeFactory): Cloned 3 input feature(s) into 3 output feature(s)
2018-07-13 15:15:45|   1.5|  0.0|STATS |TestFilter(TeeFactory): Cloned 0 input feature(s) into 0 output feature(s)
2018-07-13 15:15:45|   1.5|  0.0|STATS |TestFilter_TestFactory_0(TestFactory): Tested 0 input feature(s) -- 0 feature(s) passed and 0 feature(s) failed
2018-07-13 15:15:45|   1.5|  0.0|STATS |TestFilter_<lt>UNFILTERED<gt>(TeeFactory): Cloned 0 input feature(s) into 0 output feature(s)
2018-07-13 15:15:45|   1.5|  0.0|STATS |TestFilter <lt>UNFILTERED<gt> Output Nuker(TeeFactory): Cloned 0 input feature(s) into 0 output feature(s)
2018-07-13 15:15:45|   1.5|  0.0|STATS |NVDB_Leser_2 _Input Input Collector(TeeFactory): Cloned 0 input feature(s) into 0 output feature(s)
2018-07-13 15:15:45|   1.5|  0.0|STATS |NVDB_Leser_2__Input1491292837 Input Splitter(TeeFactory): Cloned 0 input feature(s) into 0 output feature(s)
2018-07-13 15:15:45|   1.5|  0.0|STATS |NVDB_Leser_2_Loop1491292837 Input Splitter(TeeFactory): Cloned 0 input feature(s) into 0 output feature(s)
2018-07-13 15:15:45|   1.5|  0.0|STATS |NVDB_Leser_2_HTTPCaller_2 Output Splitter(TeeFactory): Cloned 0 input feature(s) into 0 output feature(s)
2018-07-13 15:15:45|   1.5|  0.0|STATS |NVDB_Leser_2_HTTPCaller_2 <Rejected> Output Nuker(TeeFactory): Cloned 0 input feature(s) into 0 output feature(s)
2018-07-13 15:15:45|   1.5|  0.0|INFORM|NVDB_Leser_2_XMLFragmenter(XFMapFactory): Total Results: 0 Mapped Feature(s), 0 Input Feature(s), and 0 Invalid input Feature(s)
2018-07-13 15:15:45|   1.5|  0.0|INFORM|Optional `close' method not present; not called
2018-07-13 15:15:45|   1.5|  0.0|STATS |NVDB_Leser_2_GeometryReplacer(TeeFactory): Cloned 0 input feature(s) into 0 output feature(s)
2018-07-13 15:15:45|   1.5|  0.0|STATS |NVDB_Leser_2_GeometryReplacer_Rejector(TestFactory): Tested 0 input feature(s) -- 0 feature(s) passed and 0 feature(s) failed
2018-07-13 15:15:45|   1.5|  0.0|STATS |NVDB_Leser_2_GeometryReplacer OUTPUT Splitter(TeeFactory): Cloned 0 input feature(s) into 0 output feature(s)
2018-07-13 15:15:45|   1.5|  0.0|STATS |NVDB_Leser_2_CoordinateSystemSetter (Disabled) Nuker(TeeFactory): Cloned 0 input feature(s) into 0 output feature(s)
2018-07-13 15:15:45|   1.5|  0.0|STATS |NVDB_Leser_2_CoordinateSystemSetter_2 (Disabled) Nuker(TeeFactory): Cloned 0 input feature(s) into 0 output feature(s)
2018-07-13 15:15:45|   1.5|  0.0|STATS |NVDB_Leser_2_3DForcer(TeeFactory): Cloned 0 input feature(s) into 0 output feature(s)
2018-07-13 15:15:45|   1.5|  0.0|STATS |NVDB_Leser_2_3DForcer_Rejector(TestFactory): Tested 0 input feature(s) -- 0 feature(s) passed and 0 feature(s) failed
2018-07-13 15:15:45|   1.5|  0.0|STATS |NVDB_Leser_2_CoordinateSystemSetter_3(TeeFactory): Cloned 0 input feature(s) into 0 output feature(s)
2018-07-13 15:15:45|   1.5|  0.0|STATS |NVDB_Leser_2_Deaggregator(DeaggregateFactory): Split 0 input feature(s) into 0 point-in-polygon feature(s), 0 donut polygon(s), 0 polygon(s), 0 line(s), 0 point(s), and 0 aggregate(s)
2018-07-13 15:15:45|   1.5|  0.0|STATS |NVDB_Leser_2_NullAttributeMapper(TeeFactory): Cloned 0 input feature(s) into 0 output feature(s)
2018-07-13 15:15:45|   1.5|  0.0|STATS |NVDB_Leser_2_StringConcatenator(TeeFactory): Cloned 0 input feature(s) into 0 output feature(s)
2018-07-13 15:15:45|   1.5|  0.0|INFORM|NVDB_Leser_2_XMLFragmenter_2(XFMapFactory): Total Results: 0 Mapped Feature(s), 0 Input Feature(s), and 0 Invalid input Feature(s)
2018-07-13 15:15:45|   1.5|  0.0|STATS |NVDB_Leser_2_TestFilter(TeeFactory): Cloned 0 input feature(s) into 0 output feature(s)
2018-07-13 15:15:45|   1.5|  0.0|STATS |NVDB_Leser_2_TestFilter_TestFactory_0(TestFactory): Tested 0 input feature(s) -- 0 feature(s) passed and 0 feature(s) failed
2018-07-13 15:15:45|   1.5|  0.0|STATS |NVDB_Leser_2_TestFilter_<lt>UNFILTERED<gt>(TeeFactory): Cloned 0 input feature(s) into 0 output feature(s)
2018-07-13 15:15:45|   1.5|  0.0|STATS |NVDB_Leser_2_TestFilter <lt>UNFILTERED<gt> Output Nuker(TeeFactory): Cloned 0 input feature(s) into 0 output feature(s)
2018-07-13 15:15:45|   1.5|  0.0|STATS |Loop to NVDB_Leser_2_Loop1491292837 Input Splitter(BranchingFactory): Branched 0 input features -- 0 features routed to the target factory, and 0 features routed to the fallback factory.
2018-07-13 15:15:45|   1.5|  0.0|STATS |NVDB_Leser_2_Output1491292837 Output Collector(TeeFactory): Cloned 0 input feature(s) into 0 output feature(s)
2018-07-13 15:15:45|   1.5|  0.0|STATS |NVDB_Leser_2 Output Output Renamer/Nuker(TeeFactory): Cloned 0 input feature(s) into 0 output feature(s)
2018-07-13 15:15:45|   1.5|  0.0|STATS |NVDB_Leser_2 Output Splitter(TeeFactory): Cloned 0 input feature(s) into 0 output feature(s)
2018-07-13 15:15:45|   1.5|  0.0|STATS |ListExploder_2(ElementFactory): Split out 0 list elements from 0 input features, using mode CLASSIC
2018-07-13 15:15:45|   1.5|  0.0|STATS |AttributeKeeper_3(TeeFactory): Cloned 0 input feature(s) into 0 output feature(s)
2018-07-13 15:15:45|   1.5|  0.0|STATS |StringConcatenator_2(TeeFactory): Cloned 0 input feature(s) into 0 output feature(s)
2018-07-13 15:15:45|   1.5|  0.0|STATS |ListBuilder_2_fme_type_remover(TeeFactory): Cloned 0 input feature(s) into 0 output feature(s)
2018-07-13 15:15:45|   1.5|  0.0|STATS |ListBuilder_2(ListFactory): Combined 0 input feature(s) into 0 output feature(s), including 0 singleton(s)
2018-07-13 15:15:45|   1.5|  0.0|INFORM|Optional `close' method not present; not called
2018-07-13 15:15:45|   1.5|  0.0|STATS |AttributeRemover_3(TeeFactory): Cloned 0 input feature(s) into 0 output feature(s)
2018-07-13 15:15:45|   1.5|  0.0|STATS |FeatureMerger_4(ReferenceFactory): Total Results: 0 Complete Feature(s), 0 Incomplete Feature(s), 0 Referenced Feature(s), 0 Unreferenced Feature(s), 0 Referencer Feature(s) (NO REFERENCES), 0 Referencee Feature(s) (NO Referencee fields defined), and 0 Duplicate Referencee Feature(s)
2018-07-13 15:15:45|   1.5|  0.0|STATS |NullAttributeMapper_3(TeeFactory): Cloned 3 input feature(s) into 3 output feature(s)
2018-07-13 15:15:45|   1.5|  0.0|STATS |AttributeExposer(TeeFactory): Cloned 3 input feature(s) into 3 output feature(s)
2018-07-13 15:15:45|   1.5|  0.0|STATS |GeometryFilter_InputPassThrough(TeeFactory): Cloned 3 input feature(s) into 3 output feature(s)
2018-07-13 15:15:45|   1.5|  0.0|STATS |GeometryFilter_RouterPrepper(TeeFactory): Cloned 3 input feature(s) into 3 output feature(s)
2018-07-13 15:15:45|   1.5|  0.0|STATS |GeometryFilter_Router(TestFactory): Tested 3 input feature(s) -- 3 feature(s) passed and 0 feature(s) failed
2018-07-13 15:15:45|   1.5|  0.0|STATS |GeometryFilter <UNFILTERED> Output Nuker(TeeFactory): Cloned 0 input feature(s) into 0 output feature(s)
2018-07-13 15:15:45|   1.5|  0.0|STATS |GeometryPropertySetter_3_Outputter(TeeFactory): Cloned 0 input feature(s) into 0 output feature(s)
2018-07-13 15:15:45|   1.5|  0.0|STATS |GeometryPropertySetter_4_Outputter(TeeFactory): Cloned 0 input feature(s) into 0 output feature(s)
2018-07-13 15:15:45|   1.5|  0.0|STATS |AttributeRemover(TeeFactory): Cloned 0 input feature(s) into 0 output feature(s)
2018-07-13 15:15:45|   1.5|  0.0|STATS |GeometryPropertySetter_Outputter(TeeFactory): Cloned 3 input feature(s) into 3 output feature(s)
2018-07-13 15:15:45|   1.5|  0.0|STATS |GeometryPropertySetter_SET(TeeFactory): Cloned 3 input feature(s) into 3 output feature(s)
2018-07-13 15:15:45|   1.5|  0.0|STATS |GeometryPropertySetter_SET Output Splitter(TeeFactory): Cloned 3 input feature(s) into 6 output feature(s)
2018-07-13 15:15:45|   1.5|  0.0|STATS |Inspector (Disabled) Nuker(TeeFactory): Cloned 3 input feature(s) into 0 output feature(s)
2018-07-13 15:15:45|   1.5|  0.0|STATS |Destination Feature Type Routing Correlator(RoutingFactory): Tested 3 input feature(s), wrote 3 output feature(s): 0 matched merge filters, 3 were routed to output, 0 could not be routed.
2018-07-13 15:15:45|   1.5|  0.0|STATS |Final Output Nuker(TeeFactory): Cloned 0 input feature(s) into 0 output feature(s)
2018-07-13 15:15:45|   1.5|  0.0|INFORM|The uri-map document 'C:\Program Files\FME\xml\urimap\gml_aixm.xml' is being used to map from URI to URI
2018-07-13 15:15:45|   1.5|  0.0|INFORM|The uri-map document 'C:\Program Files\FME\xml\urimap\gml_citygml.xml' is being used to map from URI to URI
2018-07-13 15:15:45|   1.5|  0.0|INFORM|The uri-map document 'C:\Program Files\FME\xml\urimap\gml_inspire.xml' is being used to map from URI to URI
2018-07-13 15:15:45|   1.5|  0.0|INFORM|The uri-map document 'C:\Program Files\FME\xml\urimap\gml_sosi.xml' is being used to map from URI to URI
2018-07-13 15:15:45|   1.5|  0.0|INFORM|The uri-map document 'C:\Program Files\FME\xml\urimap\gml_urimap.xml' is being used to map from URI to URI
2018-07-13 15:15:45|   1.5|  0.0|INFORM|URI 'https://raw.githubusercontent.com/jetgeo/NVDBGML/master/XSD/NVDB/481/481.xsd' mapped to 'https://raw.githubusercontent.com/jetgeo/NVDBGML/master/XSD/NVDB/481/481.xsd'
2018-07-13 15:15:45|   1.5|  0.0|INFORM|'https://raw.githubusercontent.com/jetgeo/NVDBGML/master/XSD/NVDB/481/481.xsd' mapped to 'C:\Users\knjetl\AppData\Local\Temp\FME_XSD_CACHE\fmexsd_1531487178966_4140.xml'
2018-07-13 15:15:45|   1.5|  0.0|INFORM|Parsing schema document 'C:\Users\knjetl\AppData\Local\Temp\FME_XSD_CACHE\fmexsd_1531487178966_4140.xml' ...
2018-07-13 15:15:45|   1.5|  0.0|INFORM|'https://raw.githubusercontent.com/jetgeo/NVDBGML/master/XSD/NVDB/481/Tennpunkt.xsd' mapped to 'C:\Users\knjetl\AppData\Local\Temp\FME_XSD_CACHE\fmexsd_1531487179217_4140.xml'
2018-07-13 15:15:45|   1.5|  0.0|INFORM|'https://raw.githubusercontent.com/jetgeo/NVDBGML/master/XSD/NVDB/481/297.xsd' mapped to 'C:\Users\knjetl\AppData\Local\Temp\FME_XSD_CACHE\fmexsd_1531487179417_4140.xml'
2018-07-13 15:15:45|   1.5|  0.0|INFORM|'https://raw.githubusercontent.com/jetgeo/NVDBGML/master/XSD/NVDB/481/Tennpunkt.xsd' mapped to 'C:\Users\knjetl\AppData\Local\Temp\FME_XSD_CACHE\fmexsd_1531487179217_4140.xml'
2018-07-13 15:15:45|   1.5|  0.0|INFORM|A <schemaLocation> in the uri-map is overriding the namespace 'http://www.w3.org/1999/xlink' xsd location from '../../xlink/1.0.0/xlinks.xsd' to 'xlink.xsd'
2018-07-13 15:15:45|   1.6|  0.0|INFORM|A <schemaLocation> in the uri-map is overriding the namespace 'http://www.w3.org/1999/xlink' xsd location from '../../../../xlink/1.0.0/xlinks.xsd' to 'xlink.xsd'
2018-07-13 15:15:45|   1.6|  0.0|INFORM|A <schemaLocation> in the uri-map is overriding the namespace 'http://www.w3.org/1999/xlink' xsd location from '../../../../xlink/1.0.0/xlinks.xsd' to 'xlink.xsd'
2018-07-13 15:15:45|   1.6|  0.0|INFORM|'https://raw.githubusercontent.com/jetgeo/NVDBGML/master/XSD/NVDB/481/446.xsd' mapped to 'C:\Users\knjetl\AppData\Local\Temp\FME_XSD_CACHE\fmexsd_1531487179917_4140.xml'
2018-07-13 15:15:45|   1.6|  0.0|INFORM|'https://raw.githubusercontent.com/jetgeo/NVDBGML/master/XSD/NVDB/481/Tennpunkt.xsd' mapped to 'C:\Users\knjetl\AppData\Local\Temp\FME_XSD_CACHE\fmexsd_1531487179217_4140.xml'
2018-07-13 15:15:45|   1.6|  0.0|INFORM|'https://raw.githubusercontent.com/jetgeo/NVDBGML/master/XSD/NVDB/481/461.xsd' mapped to 'C:\Users\knjetl\AppData\Local\Temp\FME_XSD_CACHE\fmexsd_1531487180134_4140.xml'
2018-07-13 15:15:45|   1.6|  0.0|INFORM|'https://raw.githubusercontent.com/jetgeo/NVDBGML/master/XSD/NVDB/481/Tennpunkt.xsd' mapped to 'C:\Users\knjetl\AppData\Local\Temp\FME_XSD_CACHE\fmexsd_1531487179217_4140.xml'
2018-07-13 15:15:45|   1.6|  0.0|INFORM|'https://raw.githubusercontent.com/jetgeo/NVDBGML/master/XSD/NVDB/481/481.xsd' mapped to 'C:\Users\knjetl\AppData\Local\Temp\FME_XSD_CACHE\fmexsd_1531487178966_4140.xml'
2018-07-13 15:15:45|   1.6|  0.0|INFORM|'https://raw.githubusercontent.com/jetgeo/NVDBGML/master/XSD/NVDB/481/794.xsd' mapped to 'C:\Users\knjetl\AppData\Local\Temp\FME_XSD_CACHE\fmexsd_1531487180321_4140.xml'
2018-07-13 15:15:45|   1.6|  0.0|INFORM|'https://raw.githubusercontent.com/jetgeo/NVDBGML/master/XSD/NVDB/481/Tennpunkt.xsd' mapped to 'C:\Users\knjetl\AppData\Local\Temp\FME_XSD_CACHE\fmexsd_1531487179217_4140.xml'
2018-07-13 15:15:45|   1.6|  0.0|INFORM|'https://raw.githubusercontent.com/jetgeo/NVDBGML/master/XSD/NVDB/481/87.xsd' mapped to 'C:\Users\knjetl\AppData\Local\Temp\FME_XSD_CACHE\fmexsd_1531487180515_4140.xml'
2018-07-13 15:15:45|   1.6|  0.0|INFORM|'https://raw.githubusercontent.com/jetgeo/NVDBGML/master/XSD/NVDB/481/Tennpunkt.xsd' mapped to 'C:\Users\knjetl\AppData\Local\Temp\FME_XSD_CACHE\fmexsd_1531487179217_4140.xml'
2018-07-13 15:15:45|   1.6|  0.0|INFORM|'https://raw.githubusercontent.com/jetgeo/NVDBGML/master/XSD/NVDB/481/SOSIFelles.xsd' mapped to 'C:\Users\knjetl\AppData\Local\Temp\FME_XSD_CACHE\fmexsd_1531487180735_4140.xml'
2018-07-13 15:15:45|   1.6|  0.0|INFORM|'https://raw.githubusercontent.com/jetgeo/NVDBGML/master/XSD/NVDB/481/Tennpunkt.xsd' mapped to 'C:\Users\knjetl\AppData\Local\Temp\FME_XSD_CACHE\fmexsd_1531487179217_4140.xml'
2018-07-13 15:15:45|   1.6|  0.0|INFORM|<GML_1 Writer> - Map Embedded Object as: 'ATTRIBUTES'
2018-07-13 15:15:45|   1.6|  0.0|INFORM|<GML_1 Writer> - Map Predefined Properties: 'NO'
2018-07-13 15:15:45|   1.6|  0.0|INFORM|<GML_1 Writer> - Map All Substitutable Properties: 'YES'
2018-07-13 15:15:45|   1.6|  0.0|INFORM|<GML_1 Writer> - Map Complex Properties as: 'NESTED_ATTRIBUTES'
2018-07-13 15:15:45|   1.6|  0.0|INFORM|<GML_1 Writer> - Add XML Namespace Prefix to: 'UNSET'
2018-07-13 15:15:45|   1.6|  0.0|INFORM|<GML_1 Writer> - Limit Number of Lists in Nested Attributes: 'UNSET'
2018-07-13 15:15:45|   1.6|  0.0|INFORM|Using XSD semantics configuration file 'file:///C:/Program Files/FME/xml/gml_v3.2/gml_config.xml'.
2018-07-13 15:15:45|   1.7|  0.1|INFORM|<GML_1 Writer> - Writing the GML document 'C:\DATA\GitHub\GLA\Data\kommune\501\481\Tennpunkt.gml'
2018-07-13 15:15:45|   1.7|  0.0|INFORM|=-=-=-=-=-=-=-=-=-=-=-=-=-=-=-=-=-=-=-=-=-=-=-=-=-=-=-=-=-=-=-=-=-=-=-=-=-=-=-
2018-07-13 15:15:45|   1.7|  0.0|INFORM|Feature output statistics for `GML' writer using keyword `GML_1':
2018-07-13 15:15:45|   1.7|  0.0|STATS |=-=-=-=-=-=-=-=-=-=-=-=-=-=-=-=-=-=-=-=-=-=-=-=-=-=-=-=-=-=-=-=-=-=-=-=-=-=-=-
2018-07-13 15:15:45|   1.7|  0.0|STATS |                               Features Written
2018-07-13 15:15:45|   1.7|  0.0|STATS |=-=-=-=-=-=-=-=-=-=-=-=-=-=-=-=-=-=-=-=-=-=-=-=-=-=-=-=-=-=-=-=-=-=-=-=-=-=-=-
2018-07-13 15:15:45|   1.7|  0.0|STATS |Tennpunkt                                                                    3
2018-07-13 15:15:45|   1.7|  0.0|STATS |==============================================================================
2018-07-13 15:15:45|   1.7|  0.0|STATS |Total Features Written                                                       3
2018-07-13 15:15:45|   1.7|  0.0|STATS |=-=-=-=-=-=-=-=-=-=-=-=-=-=-=-=-=-=-=-=-=-=-=-=-=-=-=-=-=-=-=-=-=-=-=-=-=-=-=-
2018-07-13 15:15:45|   1.7|  0.0|INFORM|=-=-=-=-=-=-=-=-=-=-=-=-=-=-=-=-=-=-=-=-=-=-=-=-=-=-=-=-=-=-=-=-=-=-=-=-=-=-=-
2018-07-13 15:15:45|   1.7|  0.0|INFORM|Feature output statistics for `MULTI_WRITER' writer using keyword `GML_1_FANOUT':
2018-07-13 15:15:45|   1.7|  0.0|STATS |=-=-=-=-=-=-=-=-=-=-=-=-=-=-=-=-=-=-=-=-=-=-=-=-=-=-=-=-=-=-=-=-=-=-=-=-=-=-=-
2018-07-13 15:15:45|   1.7|  0.0|STATS |                               Features Written
2018-07-13 15:15:45|   1.7|  0.0|STATS |=-=-=-=-=-=-=-=-=-=-=-=-=-=-=-=-=-=-=-=-=-=-=-=-=-=-=-=-=-=-=-=-=-=-=-=-=-=-=-
2018-07-13 15:15:45|   1.7|  0.0|STATS |Tennpunkt                                                                    3
2018-07-13 15:15:45|   1.7|  0.0|STATS |==============================================================================
2018-07-13 15:15:45|   1.7|  0.0|STATS |Total Features Written                                                       3
2018-07-13 15:15:45|   1.7|  0.0|STATS |=-=-=-=-=-=-=-=-=-=-=-=-=-=-=-=-=-=-=-=-=-=-=-=-=-=-=-=-=-=-=-=-=-=-=-=-=-=-=-
2018-07-13 15:15:45|   1.7|  0.0|STATS |=-=-=-=-=-=-=-=-=-=-=-=-=-=-=-=-=-=-=-=-=-=-=-=-=-=-=-=-=-=-=-=-=-=-=-=-=-=-=-
2018-07-13 15:15:45|   1.7|  0.0|STATS |                            Features Read Summary
2018-07-13 15:15:45|   1.7|  0.0|STATS |=-=-=-=-=-=-=-=-=-=-=-=-=-=-=-=-=-=-=-=-=-=-=-=-=-=-=-=-=-=-=-=-=-=-=-=-=-=-=-
2018-07-13 15:15:45|   1.7|  0.0|STATS |==============================================================================
2018-07-13 15:15:45|   1.7|  0.0|STATS |Total Features Read                                                          0
2018-07-13 15:15:45|   1.7|  0.0|STATS |=-=-=-=-=-=-=-=-=-=-=-=-=-=-=-=-=-=-=-=-=-=-=-=-=-=-=-=-=-=-=-=-=-=-=-=-=-=-=-
2018-07-13 15:15:45|   1.7|  0.0|STATS |=-=-=-=-=-=-=-=-=-=-=-=-=-=-=-=-=-=-=-=-=-=-=-=-=-=-=-=-=-=-=-=-=-=-=-=-=-=-=-
2018-07-13 15:15:45|   1.7|  0.0|STATS |                           Features Written Summary
2018-07-13 15:15:45|   1.7|  0.0|STATS |=-=-=-=-=-=-=-=-=-=-=-=-=-=-=-=-=-=-=-=-=-=-=-=-=-=-=-=-=-=-=-=-=-=-=-=-=-=-=-
2018-07-13 15:15:45|   1.7|  0.0|STATS |Tennpunkt                                                                    3
2018-07-13 15:15:45|   1.7|  0.0|STATS |==============================================================================
2018-07-13 15:15:45|   1.7|  0.0|STATS |Total Features Written                                                       3
2018-07-13 15:15:45|   1.7|  0.0|STATS |=-=-=-=-=-=-=-=-=-=-=-=-=-=-=-=-=-=-=-=-=-=-=-=-=-=-=-=-=-=-=-=-=-=-=-=-=-=-=-
2018-07-13 15:15:45|   1.7|  0.0|INFORM|Translation was SUCCESSFUL with 0 warning(s) (3 feature(s) output)
2018-07-13 15:15:45|   1.7|  0.0|INFORM|FME Session Duration: 3.2 seconds. (CPU: 1.0s user, 0.4s system)
2018-07-13 15:15:45|   1.7|  0.0|INFORM|END - ProcessID: 10900, peak process memory usage: 155716 kB, current process memory usage: 137756 kB
