2018-07-13 16:30:22|   0.3|  0.3|INFORM|FME 2018.0.1.0 (20180518 - Build 18310 - WIN64)
2018-07-13 16:30:22|   0.3|  0.0|INFORM|FME_HOME is 'C:\Program Files\FME\'
2018-07-13 16:30:22|   0.4|  0.0|INFORM|FME Desktop ESRI Edition (floating)
2018-07-13 16:30:22|   0.4|  0.0|INFORM|Permanent License.
2018-07-13 16:30:22|   0.4|  0.0|INFORM|Machine host name is: SVV-58758
2018-07-13 16:30:22|   0.4|  0.0|INFORM|START - ProcessID: 12332, peak process memory usage: 44272 kB, current process memory usage: 44272 kB
2018-07-13 16:30:22|   0.4|  0.0|INFORM|FME Configuration: Command line arguments are `C:\Program Files\FME\fme.exe' `C:/DATA/GitHub/GLA/FMW/NVDBAPI2GML_V2_2018.fmw' `--ftID' `181' `--omr' `kommune' `--omrNvn' `501' `--gmlFolder' `C:\DATA\GitHub\GLA\Data' `--dwnlAssObj' `Nei'
2018-07-13 16:30:22|   0.4|  0.0|INFORM|FME Configuration: Connection Storage: 'C:\Users\knjetl\AppData\Roaming\Safe Software\FME\'
2018-07-13 16:30:22|   0.4|  0.1|INFORM|Shared folders for formats are : C:\Program Files\FME\datasources;\\SVV1P04AUSER01\KNJETL$\documents\FME\Formats
2018-07-13 16:30:22|   0.4|  0.0|INFORM|Shared folders for transformers are : C:\Users\knjetl\AppData\Roaming\Safe Software\FME\Packages\18310-win64\transformers;C:\Program Files\FME\transformers;\\SVV1P04AUSER01\KNJETL$\documents\FME\Transformers;C:\Users\knjetl\AppData\Roaming\Safe Software\FME\FME Store\Transformers
2018-07-13 16:30:22|   0.4|  0.0|INFORM|Shared folders for coordinate systems are : \\SVV1P04AUSER01\KNJETL$\documents\FME\CoordinateSystems
2018-07-13 16:30:22|   0.4|  0.0|INFORM|Shared folders for coordinate system exceptions are : \\SVV1P04AUSER01\KNJETL$\documents\FME\CoordinateSystemExceptions
2018-07-13 16:30:22|   0.4|  0.0|INFORM|Shared folders for coordinate system grid overrides are : \\SVV1P04AUSER01\KNJETL$\documents\FME\CoordinateSystemGridOverrides
2018-07-13 16:30:22|   0.4|  0.0|INFORM|Shared folders for CS-MAP transformation exceptions are : \\SVV1P04AUSER01\KNJETL$\documents\FME\CsmapTransformationExceptions
2018-07-13 16:30:22|   0.5|  0.0|INFORM|Shared folders for transformer categories are : \\SVV1P04AUSER01\KNJETL$\documents\FME\TransformerCategories
2018-07-13 16:30:22|   0.5|  0.0|INFORM|Mapping File Identifier is: NVDBAPI2GML
2018-07-13 16:30:22|   0.5|  0.0|INFORM|FME Configuration: Reader Keyword is `MULTI_READER'
2018-07-13 16:30:22|   0.5|  0.0|INFORM|FME Configuration: Writer Keyword is `MULTI_WRITER'
2018-07-13 16:30:22|   0.5|  0.0|INFORM|FME Configuration: Writer Group Definition Keyword is `MULTI_WRITER_DEF'
2018-07-13 16:30:22|   0.5|  0.0|INFORM|FME Configuration: Reader type is `MULTI_READER'
2018-07-13 16:30:22|   0.5|  0.0|INFORM|FME Configuration: Writer type is `MULTI_WRITER'
2018-07-13 16:30:22|   0.5|  0.0|INFORM|FME Configuration: No destination coordinate system set
2018-07-13 16:30:22|   0.5|  0.0|INFORM|FME Configuration: Current working folder is `C:\DATA\GitHub\GLA\FMW'
2018-07-13 16:30:22|   0.5|  0.0|INFORM|FME Configuration: Temporary folder is `C:\Users\knjetl\AppData\Local\Temp', set from environment variable `TEMP'
2018-07-13 16:30:22|   0.5|  0.0|INFORM|FME Configuration: FME_HOME is `C:\Program Files\FME\'
2018-07-13 16:30:22|   0.5|  0.0|INFORM|FME Configuration: FME_BASE is 'no'
2018-07-13 16:30:22|   0.5|  0.0|INFORM|FME Configuration: FME_MF_DIR is 'C:\DATA\GitHub\GLA\FMW/'
2018-07-13 16:30:22|   0.5|  0.0|INFORM|FME Configuration: FME_MF_NAME is 'NVDBAPI2GML_V2_2018.fmw'
2018-07-13 16:30:22|   0.5|  0.0|INFORM|FME Configuration: FME_PRODUCT_NAME is 'FME(R) 2018.0.1.0'
2018-07-13 16:30:22|   0.5|  0.0|INFORM|System Status: 248.11 GB of disk space available in the FME temporary folder (C:\Users\knjetl\AppData\Local\Temp)
2018-07-13 16:30:22|   0.5|  0.0|INFORM|System Status: 8.00 TB of virtual memory available
2018-07-13 16:30:22|   0.5|  0.0|INFORM|Operating System: Microsoft Windows 7 64-bit Service Pack 1 (Build 7601)
2018-07-13 16:30:22|   0.5|  0.0|INFORM|FME Platform: WIN64
2018-07-13 16:30:22|   0.5|  0.0|INFORM|Locale: nb_NO
2018-07-13 16:30:22|   0.5|  0.0|INFORM|Code Page: 1252  (ANSI - latin I)
2018-07-13 16:30:22|   0.5|  0.0|INFORM|FME Configuration: Process limit is 31.83 GB of physical memory
2018-07-13 16:30:22|   0.5|  0.0|INFORM|FME Configuration: Start freeing memory when process usage exceeds 95.50 GB of virtual memory
2018-07-13 16:30:22|   0.5|  0.0|INFORM|FME Configuration: Stop freeing memory when process usage is below 71.63 GB of virtual memory
2018-07-13 16:30:22|   0.5|  0.0|INFORM|Creating writer for format: 
2018-07-13 16:30:22|   0.5|  0.0|INFORM|Creating reader for format: 
2018-07-13 16:30:22|   0.5|  0.0|INFORM|MULTI_READER(MULTI_READER): Will fail with first member reader failure
2018-07-13 16:30:22|   0.5|  0.0|INFORM|Using Multi Reader with keyword `MULTI_READER' to read multiple datasets
2018-07-13 16:30:22|   0.5|  0.0|INFORM|Using MultiWriter with keyword `MULTI_WRITER' to output data (ID_ATTRIBUTE is `multi_writer_id')
2018-07-13 16:30:22|   0.5|  0.0|INFORM|Writer output will be ordered by value of multi_writer_id
2018-07-13 16:30:22|   0.5|  0.0|INFORM|Loaded module 'Geometry_func' from file 'C:\Program Files\FME\plugins/Geometry_func.dll'
2018-07-13 16:30:22|   0.5|  0.0|INFORM|FME API version of module 'Geometry_func' matches current internal version (3.8 20180209)
2018-07-13 16:30:22|   0.5|  0.0|INFORM|Loaded module 'HTTPFactory' from file 'C:\Program Files\FME\plugins/HTTPFactory.dll'
2018-07-13 16:30:22|   0.5|  0.0|INFORM|FME API version of module 'HTTPFactory' matches current internal version (3.8 20180209)
2018-07-13 16:30:23|   0.5|  0.0|INFORM|Loaded module 'XFMapFactory' from file 'C:\Program Files\FME\plugins/XFMapFactory.dll'
2018-07-13 16:30:23|   0.5|  0.0|INFORM|FME API version of module 'XFMapFactory' matches current internal version (3.8 20180209)
2018-07-13 16:30:23|   0.5|  0.0|INFORM|Loaded module 'PythonFactory' from file 'C:\Program Files\FME\plugins/PythonFactory.dll'
2018-07-13 16:30:23|   0.5|  0.0|INFORM|FME API version of module 'PythonFactory' matches current internal version (3.8 20180209)
2018-07-13 16:30:23|   0.5|  0.0|INFORM|Adding folder `C:\DATA\GitHub\GLA\FMW\' to the python path
2018-07-13 16:30:23|   0.5|  0.0|INFORM|Loaded module 'OGCGeometry_func' from file 'C:\Program Files\FME\plugins/OGCGeometry_func.dll'
2018-07-13 16:30:23|   0.5|  0.0|INFORM|FME API version of module 'OGCGeometry_func' matches current internal version (3.8 20180209)
2018-07-13 16:30:23|   0.5|  0.0|INFORM|FME API version of module 'XFMapFactory' matches current internal version (3.8 20180209)
2018-07-13 16:30:23|   0.5|  0.0|INFORM|Loaded module 'DuplicateRemoverFactory' from file 'C:\Program Files\FME\plugins/DuplicateRemoverFactory.dll'
2018-07-13 16:30:23|   0.5|  0.0|INFORM|FME API version of module 'DuplicateRemoverFactory' matches current internal version (3.8 20180209)
2018-07-13 16:30:23|   0.5|  0.0|INFORM|FME API version of module 'HTTPFactory' matches current internal version (3.8 20180209)
2018-07-13 16:30:23|   0.5|  0.0|INFORM|FME API version of module 'XFMapFactory' matches current internal version (3.8 20180209)
2018-07-13 16:30:23|   0.5|  0.0|INFORM|FME API version of module 'PythonFactory' matches current internal version (3.8 20180209)
2018-07-13 16:30:23|   0.6|  0.0|INFORM|FME API version of module 'XFMapFactory' matches current internal version (3.8 20180209)
2018-07-13 16:30:23|   0.6|  0.0|INFORM|Loaded module 'JoinFactory' from file 'C:\Program Files\FME\plugins/JoinFactory.dll'
2018-07-13 16:30:23|   0.6|  0.0|INFORM|FME API version of module 'JoinFactory' matches current internal version (3.8 20180209)
2018-07-13 16:30:23|   0.6|  0.0|INFORM|FME API version of module 'PythonFactory' matches current internal version (3.8 20180209)
2018-07-13 16:30:23|   0.6|  0.0|INFORM|FME API version of module 'JoinFactory' matches current internal version (3.8 20180209)
2018-07-13 16:30:23|   0.6|  0.0|INFORM|FME API version of module 'PythonFactory' matches current internal version (3.8 20180209)
2018-07-13 16:30:23|   0.6|  0.0|INFORM|Loaded module 'GQueryFactory' from file 'C:\Program Files\FME\plugins/GQueryFactory.dll'
2018-07-13 16:30:23|   0.6|  0.0|INFORM|FME API version of module 'GQueryFactory' matches current internal version (3.8 20180209)
2018-07-13 16:30:23|   0.6|  0.0|INFORM|... Last line repeated 2 times ...
2018-07-13 16:30:23|   0.6|  0.0|INFORM|Emptying factory pipeline
2018-07-13 16:30:23|   0.6|  0.0|INFORM|NVDB_Leser_HTTPCaller_2(HTTPFactory): HTTP/FTP Transfer: Downloading resource 'https://www.vegvesen.no/nvdb/api/v2/vegobjekter/181?kommune=501&antall=5000&inkluder=alle' to internal memory buffer
2018-07-13 16:30:23|   0.7|  0.1|INFORM|NVDB_Leser_HTTPCaller_2(HTTPFactory): HTTP transfer summary - status code: 200, download size: '6176004 bytes', DNS lookup time: '1e-6 seconds', total transfer time: '0.562 seconds', url: 'https://www.vegvesen.no/nvdb/api/v2/vegobjekter/181?kommune=501&antall=5000&inkluder=alle'
2018-07-13 16:30:23|   0.7|  0.0|INFORM|FME Configuration: Using FME Reprojection Engine
2018-07-13 16:30:24|   1.1|  0.5|INFORM|NVDB_Leser_HTTPCaller_2(HTTPFactory): HTTP/FTP Transfer: Downloading resource 'https://www.vegvesen.no/nvdb/api/v2/vegobjekter/181?kommune=501&antall=5000&start=iW7twAHimyp4&inkluder=alle' to internal memory buffer
2018-07-13 16:30:24|   1.1|  0.0|INFORM|NVDB_Leser_HTTPCaller_2(HTTPFactory): HTTP transfer summary - status code: 200, download size: '282 bytes', DNS lookup time: '1e-6 seconds', total transfer time: '0.016 seconds', url: 'https://www.vegvesen.no/nvdb/api/v2/vegobjekter/181?kommune=501&antall=5000&start=iW7twAHimyp4&inkluder=alle'
2018-07-13 16:30:24|   1.2|  0.1|INFORM|Creating reader for format: CSV (Comma Separated Value)
2018-07-13 16:30:24|   1.3|  0.0|INFORM|Trying to find a DYNAMIC plugin for reader named `CSV2'
2018-07-13 16:30:24|   1.3|  0.0|INFORM|Loaded module 'CSV2' from file 'C:\Program Files\FME\plugins/CSV2.dll'
2018-07-13 16:30:24|   1.3|  0.0|INFORM|FME API version of module 'CSV2' matches current internal version (3.8 20180209)
2018-07-13 16:30:24|   1.3|  0.0|INFORM|Creating reader for format: CSV (Comma Separated Value)
2018-07-13 16:30:24|   1.3|  0.0|INFORM|Trying to find a DYNAMIC plugin for reader named `CSV2'
2018-07-13 16:30:24|   1.3|  0.0|INFORM|FME API version of module 'CSV2' matches current internal version (3.8 20180209)
2018-07-13 16:30:24|   1.3|  0.0|INFORM|CSV reader: Opening dataset 'C:\DATA\GitHub\GLA\FMW\NVDB_ftMapping.csv'
2018-07-13 16:30:24|   1.3|  0.0|INFORM|CSV reader: Directive '_DELIMITER' has the value ';'
2018-07-13 16:30:24|   1.3|  0.0|INFORM|CSV reader: Directive '_FIELD_NAMES_LINE' has the value '1'
2018-07-13 16:30:24|   1.3|  0.0|INFORM|CSV reader: Directive '_DATA_START_LINE' has the value '2'
2018-07-13 16:30:24|   1.3|  0.0|INFORM|CSV reader: Directive '_SCAN_MAX_ROWS' has the value '1000'
2018-07-13 16:30:24|   1.3|  0.0|INFORM|CSV reader: Directive '_READ_SKIPPED_LINES' has the value 'No'
2018-07-13 16:30:24|   1.3|  0.0|INFORM|CSV reader: Directive '_SKIP_DUPLICATE_DELIMITERS' has the value 'No'
2018-07-13 16:30:24|   1.3|  0.0|INFORM|CSV reader: Directive '_FIELD_QUALIFIER_CHARACTER' has the value '"'
2018-07-13 16:30:24|   1.3|  0.0|INFORM|CSV reader: Directive '_FIELD_QUALIFIER_ESCAPE_CHARACTER' has the value '"'
2018-07-13 16:30:24|   1.3|  0.0|INFORM|CSV reader: Directive '_TRIM_FIELD_NAME_QUALIFIERS' has the value 'Yes'
2018-07-13 16:30:24|   1.3|  0.0|INFORM|CSV reader: Directive '_TRIM_FIELD_VALUE_QUALIFIERS' has the value 'Yes'
2018-07-13 16:30:24|   1.3|  0.0|INFORM|CSV reader: Directive '_PRESERVE_SOURCE_ENCODING' has the value 'No'
2018-07-13 16:30:24|   1.3|  0.0|INFORM|CSV reader: Directive '_CASE_SENSITIVE_FIELD_NAMES' has the value 'Yes'
2018-07-13 16:30:24|   1.3|  0.0|INFORM|CSV reader: Directive '_ENFORCE_STRICT_SCHEMA' has the value 'No'
2018-07-13 16:30:24|   1.3|  0.0|INFORM|CSV reader: Directive '_SCAN_TYPES' has the value 'No'
2018-07-13 16:30:24|   1.3|  0.0|INFORM|CSV reader: Directive '_SCAN_ADDITIONAL_FIELDS' has the value 'No'
2018-07-13 16:30:24|   1.3|  0.0|ERROR |CSV reader: Failed to open file 'C:\DATA\GitHub\GLA\FMW\NVDB_ftMapping.csv' for reading.  Please ensure that the file exists and you have sufficient privileges to read it
2018-07-13 16:30:24|   1.3|  0.0|ERROR |CSV reader: Failed to open file 'C:\DATA\GitHub\GLA\FMW\NVDB_ftMapping.csv' for reading.  Please ensure that the file exists and you have sufficient privileges to read it
2018-07-13 16:30:24|   1.3|  0.0|ERROR |A fatal error has occurred. Check the logfile above for details
2018-07-13 16:30:24|   1.3|  0.0|ERROR |Error occurred while reading feature from table `Joiner:CSV' : `A fatal error has occurred. Check the logfile above for details'
2018-07-13 16:30:24|   1.3|  0.0|ERROR |A fatal error has occurred. Check the logfile above for details
2018-07-13 16:30:24|   1.3|  0.0|ERROR |Bridge failed to output feature on tag `PYOUTPUT'
2018-07-13 16:30:24|   1.3|  0.0|FATAL |NVDB_Leser_NVDBTranslator(PythonFactory): PythonFactory failed to process feature
2018-07-13 16:30:24|   1.3|  0.0|ERROR |A fatal error has occurred. Check the logfile above for details
2018-07-13 16:30:24|   1.3|  0.0|ERROR |
2018-07-13 16:30:24|   1.3|  0.0|ERROR |A fatal error has occurred. Check the logfile above for details
2018-07-13 16:30:24|   1.3|  0.0|ERROR |
2018-07-13 16:30:24|   1.3|  0.0|ERROR |A fatal error has occurred. Check the logfile above for details
2018-07-13 16:30:24|   1.3|  0.0|INFORM|Translation FAILED with 12 error(s) and 0 warning(s) (0 feature(s) output)
2018-07-13 16:30:24|   1.3|  0.0|INFORM|FME Session Duration: 2.3 seconds. (CPU: 0.7s user, 0.2s system)
2018-07-13 16:30:24|   1.3|  0.0|INFORM|END - ProcessID: 12332, peak process memory usage: 125292 kB, current process memory usage: 75112 kB
