
--------------------------------------------------------------------------------
Start: 18-nov-2016 12:45:09
Komponentnavn: Eksporter til Shapefil
Inndata navn: Access GLA-test base.belysningspunkt
Informasjon: 16 objekt(er) vellykket eksportert.
Slutt: 18-nov-2016 12:45:09
--------------------------------------------------------------------------------

--------------------------------------------------------------------------------
Start: 18-nov-2016 12:45:09
Komponentnavn: Eksporter til Shapefil
Inndata navn: Access GLA-test base.belysningsstrekning
Informasjon: 14 objekt(er) vellykket eksportert.
Slutt: 18-nov-2016 12:45:09
--------------------------------------------------------------------------------

--------------------------------------------------------------------------------
Start: 18-nov-2016 12:45:09
Komponentnavn: Eksporter til Shapefil
Inndata navn: Access GLA-test base.elektriskanlegg
Informasjon: 1 objekt(er) vellykket eksportert.
Slutt: 18-nov-2016 12:45:09
--------------------------------------------------------------------------------

--------------------------------------------------------------------------------
Start: 18-nov-2016 12:45:09
Komponentnavn: Eksporter til Shapefil
Inndata navn: Access GLA-test base.lysarmatur
Informasjon: 15 objekt(er) vellykket eksportert.
Slutt: 18-nov-2016 12:45:10
--------------------------------------------------------------------------------

--------------------------------------------------------------------------------
Start: 18-nov-2016 12:45:10
Komponentnavn: Eksporter til Shapefil
Inndata navn: Access GLA-test base.lysmast
Informasjon: 16 objekt(er) vellykket eksportert.
Slutt: 18-nov-2016 12:45:10
--------------------------------------------------------------------------------

--------------------------------------------------------------------------------
Start: 18-nov-2016 12:45:10
Komponentnavn: Eksporter til Shapefil
Inndata navn: Access GLA-test base.tennpunkt
Informasjon: 1 objekt(er) vellykket eksportert.
Slutt: 18-nov-2016 12:45:10
--------------------------------------------------------------------------------
